Attaching to process ID 46631, please wait...
Debugger attached successfully.
Server compiler detected.
JVM version is 25.131-b11
Deadlock Detection:

No deadlocks found.

----------------- 46701 -----------------
0x000000318b20b43c	__pthread_cond_wait + 0xcc
0x00007fe3ec513037	_ZN7Monitor5IWaitEP6Threadl + 0xf7
0x00007fe3ec513800	_ZN7Monitor4waitEblb + 0x100
0x00007fe3ec6a8621	_ZN7Threads10destroy_vmEv + 0x51
0x00007fe3ec3018e1	jni_DestroyJavaVM + 0x81
0x00007fe3ecc2f63d	JavaMain + 0x27d
----------------- 46702 -----------------
0x000000318b20b43c	__pthread_cond_wait + 0xcc
0x00007fe3ec513037	_ZN7Monitor5IWaitEP6Threadl + 0xf7
0x00007fe3ec513956	_ZN7Monitor4waitEblb + 0x256
0x00007fe3ec209f23	_ZN13GCTaskManager8get_taskEj + 0x43
0x00007fe3ec20adb8	_ZN12GCTaskThread3runEv + 0x188
0x00007fe3ec559568	_ZL10java_startP6Thread + 0x108
----------------- 46703 -----------------
0x000000318b20b43c	__pthread_cond_wait + 0xcc
0x00007fe3ec513037	_ZN7Monitor5IWaitEP6Threadl + 0xf7
0x00007fe3ec513956	_ZN7Monitor4waitEblb + 0x256
0x00007fe3ec209f23	_ZN13GCTaskManager8get_taskEj + 0x43
0x00007fe3ec20adb8	_ZN12GCTaskThread3runEv + 0x188
0x00007fe3ec559568	_ZL10java_startP6Thread + 0x108
----------------- 46704 -----------------
0x000000318b20b43c	__pthread_cond_wait + 0xcc
0x00007fe3ec513037	_ZN7Monitor5IWaitEP6Threadl + 0xf7
0x00007fe3ec513956	_ZN7Monitor4waitEblb + 0x256
0x00007fe3ec209f23	_ZN13GCTaskManager8get_taskEj + 0x43
0x00007fe3ec20adb8	_ZN12GCTaskThread3runEv + 0x188
0x00007fe3ec559568	_ZL10java_startP6Thread + 0x108
----------------- 46705 -----------------
0x000000318b20b43c	__pthread_cond_wait + 0xcc
0x00007fe3ec513037	_ZN7Monitor5IWaitEP6Threadl + 0xf7
0x00007fe3ec513956	_ZN7Monitor4waitEblb + 0x256
0x00007fe3ec209f23	_ZN13GCTaskManager8get_taskEj + 0x43
0x00007fe3ec20adb8	_ZN12GCTaskThread3runEv + 0x188
0x00007fe3ec559568	_ZL10java_startP6Thread + 0x108
----------------- 46706 -----------------
0x000000318b20b43c	__pthread_cond_wait + 0xcc
0x00007fe3ec513037	_ZN7Monitor5IWaitEP6Threadl + 0xf7
0x00007fe3ec513956	_ZN7Monitor4waitEblb + 0x256
0x00007fe3ec209f23	_ZN13GCTaskManager8get_taskEj + 0x43
0x00007fe3ec20adb8	_ZN12GCTaskThread3runEv + 0x188
0x00007fe3ec559568	_ZL10java_startP6Thread + 0x108
----------------- 46707 -----------------
0x000000318b20b43c	__pthread_cond_wait + 0xcc
0x00007fe3ec513037	_ZN7Monitor5IWaitEP6Threadl + 0xf7
0x00007fe3ec513956	_ZN7Monitor4waitEblb + 0x256
0x00007fe3ec209f23	_ZN13GCTaskManager8get_taskEj + 0x43
0x00007fe3ec20adb8	_ZN12GCTaskThread3runEv + 0x188
0x00007fe3ec559568	_ZL10java_startP6Thread + 0x108
----------------- 46708 -----------------
0x000000318b20b43c	__pthread_cond_wait + 0xcc
0x00007fe3ec513037	_ZN7Monitor5IWaitEP6Threadl + 0xf7
0x00007fe3ec513956	_ZN7Monitor4waitEblb + 0x256
0x00007fe3ec209f23	_ZN13GCTaskManager8get_taskEj + 0x43
0x00007fe3ec20adb8	_ZN12GCTaskThread3runEv + 0x188
0x00007fe3ec559568	_ZL10java_startP6Thread + 0x108
----------------- 46709 -----------------
0x000000318b20b43c	__pthread_cond_wait + 0xcc
0x00007fe3ec513037	_ZN7Monitor5IWaitEP6Threadl + 0xf7
0x00007fe3ec513956	_ZN7Monitor4waitEblb + 0x256
0x00007fe3ec209f23	_ZN13GCTaskManager8get_taskEj + 0x43
0x00007fe3ec20adb8	_ZN12GCTaskThread3runEv + 0x188
0x00007fe3ec559568	_ZL10java_startP6Thread + 0x108
----------------- 46711 -----------------
0x000000318b20b7bb	__pthread_cond_timedwait + 0x13b
0x00007fe3ec51338e	_ZN7Monitor5IWaitEP6Threadl + 0x44e
0x00007fe3ec513956	_ZN7Monitor4waitEblb + 0x256
0x00007fe3ec702029	_ZN8VMThread4loopEv + 0x339
0x00007fe3ec702330	_ZN8VMThread3runEv + 0x70
0x00007fe3ec559568	_ZL10java_startP6Thread + 0x108
----------------- 46712 -----------------
0x000000318b20b43c	__pthread_cond_wait + 0xcc
0x00007fe3ec544655	_ZN13ObjectMonitor4waitElbP6Thread + 0xa65
0x00007fe3ec357d52	JVM_MonitorWait + 0x182
0x00007fe3d67a0c28	<Unknown compiled code>
----------------- 46713 -----------------
0x000000318b20b43c	__pthread_cond_wait + 0xcc
0x00007fe3ec544655	_ZN13ObjectMonitor4waitElbP6Thread + 0xa65
0x00007fe3ec357d52	JVM_MonitorWait + 0x182
0x00007fe3d67a0c28	<Unknown compiled code>
----------------- 46714 -----------------
0x000000318b20d720	sem_wait + 0x30
0x00007fe3ec54f603	_ZL19signal_thread_entryP10JavaThreadP6Thread + 0x73
0x00007fe3ec6a8833	_ZN10JavaThread17thread_main_innerEv + 0x103
0x00007fe3ec6a897c	_ZN10JavaThread3runEv + 0x11c
0x00007fe3ec559568	_ZL10java_startP6Thread + 0x108
----------------- 46715 -----------------
0x000000318b20b7bb	__pthread_cond_timedwait + 0x13b
0x00007fe3ec51338e	_ZN7Monitor5IWaitEP6Threadl + 0x44e
0x00007fe3ec5139d6	_ZN7Monitor4waitEblb + 0x2d6
0x00007fe3ec0e13fb	_ZN12CompileQueue3getEv + 0x13b
0x00007fe3ec0e364b	_ZN13CompileBroker20compiler_thread_loopEv + 0x18b
0x00007fe3ec6a8833	_ZN10JavaThread17thread_main_innerEv + 0x103
0x00007fe3ec6a897c	_ZN10JavaThread3runEv + 0x11c
0x00007fe3ec559568	_ZL10java_startP6Thread + 0x108
----------------- 46716 -----------------
0x000000318b20b7bb	__pthread_cond_timedwait + 0x13b
0x00007fe3ec51338e	_ZN7Monitor5IWaitEP6Threadl + 0x44e
0x00007fe3ec5139d6	_ZN7Monitor4waitEblb + 0x2d6
0x00007fe3ec0e13fb	_ZN12CompileQueue3getEv + 0x13b
0x00007fe3ec0e364b	_ZN13CompileBroker20compiler_thread_loopEv + 0x18b
0x00007fe3ec6a8833	_ZN10JavaThread17thread_main_innerEv + 0x103
0x00007fe3ec6a897c	_ZN10JavaThread3runEv + 0x11c
0x00007fe3ec559568	_ZL10java_startP6Thread + 0x108
----------------- 46717 -----------------
0x000000318b20b7bb	__pthread_cond_timedwait + 0x13b
0x00007fe3ec51338e	_ZN7Monitor5IWaitEP6Threadl + 0x44e
0x00007fe3ec5139d6	_ZN7Monitor4waitEblb + 0x2d6
0x00007fe3ec0e13fb	_ZN12CompileQueue3getEv + 0x13b
0x00007fe3ec0e364b	_ZN13CompileBroker20compiler_thread_loopEv + 0x18b
0x00007fe3ec6a8833	_ZN10JavaThread17thread_main_innerEv + 0x103
0x00007fe3ec6a897c	_ZN10JavaThread3runEv + 0x11c
0x00007fe3ec559568	_ZL10java_startP6Thread + 0x108
----------------- 46718 -----------------
0x000000318b20b7bb	__pthread_cond_timedwait + 0x13b
0x00007fe3ec51338e	_ZN7Monitor5IWaitEP6Threadl + 0x44e
0x00007fe3ec5139d6	_ZN7Monitor4waitEblb + 0x2d6
0x00007fe3ec0e13fb	_ZN12CompileQueue3getEv + 0x13b
0x00007fe3ec0e364b	_ZN13CompileBroker20compiler_thread_loopEv + 0x18b
0x00007fe3ec6a8833	_ZN10JavaThread17thread_main_innerEv + 0x103
0x00007fe3ec6a897c	_ZN10JavaThread3runEv + 0x11c
0x00007fe3ec559568	_ZL10java_startP6Thread + 0x108
----------------- 46719 -----------------
0x000000318b20b43c	__pthread_cond_wait + 0xcc
0x00007fe3ec513037	_ZN7Monitor5IWaitEP6Threadl + 0xf7
0x00007fe3ec513956	_ZN7Monitor4waitEblb + 0x256
0x00007fe3ec5f2a58	_ZN13ServiceThread20service_thread_entryEP10JavaThreadP6Thread + 0x398
0x00007fe3ec6a8833	_ZN10JavaThread17thread_main_innerEv + 0x103
0x00007fe3ec6a897c	_ZN10JavaThread3runEv + 0x11c
0x00007fe3ec559568	_ZL10java_startP6Thread + 0x108
----------------- 46720 -----------------
0x000000318b20b7bb	__pthread_cond_timedwait + 0x13b
0x00007fe3ec51338e	_ZN7Monitor5IWaitEP6Threadl + 0x44e
0x00007fe3ec513956	_ZN7Monitor4waitEblb + 0x256
0x00007fe3ec6a1ce1	_ZNK13WatcherThread5sleepEv + 0x71
0x00007fe3ec6a351e	_ZN13WatcherThread3runEv + 0x5e
0x00007fe3ec559568	_ZL10java_startP6Thread + 0x108
----------------- 46834 -----------------
0x000000318aee7c73	__GI_epoll_wait + 0x33
----------------- 46835 -----------------
0x000000318b20b43c	__pthread_cond_wait + 0xcc
----------------- 46836 -----------------
0x000000318b20b43c	__pthread_cond_wait + 0xcc
----------------- 46837 -----------------
0x000000318b20b43c	__pthread_cond_wait + 0xcc
----------------- 46839 -----------------
0x000000318b20b43c	__pthread_cond_wait + 0xcc
----------------- 46840 -----------------
0x000000318b20b43c	__pthread_cond_wait + 0xcc
----------------- 46841 -----------------
0x000000318b20b7bb	__pthread_cond_timedwait + 0x13b
0x00007fe39dd1ef9d	_ZN4baas6common12TimerManager5EntryEv + 0x4d
0x00007fe39dd2073a	_ZN4baas6common10BaseThread11StaticEntryEPv + 0x4a
----------------- 46842 -----------------
0x000000318b20b43c	__pthread_cond_wait + 0xcc
0x00007fe39dd1f00c	_ZN4baas6common12TimerManager5EntryEv + 0xbc
0x00007fe39dd2073a	_ZN4baas6common10BaseThread11StaticEntryEPv + 0x4a
----------------- 46843 -----------------
0x000000318b20b43c	__pthread_cond_wait + 0xcc
0x00007fe39dd1f00c	_ZN4baas6common12TimerManager5EntryEv + 0xbc
0x00007fe39dd2073a	_ZN4baas6common10BaseThread11StaticEntryEPv + 0x4a
----------------- 46889 -----------------
0x000000318b20b43c	__pthread_cond_wait + 0xcc
0x00007fe3ec6cf725	Unsafe_Park + 0xf5
0x00007fe3d6193b2a	<Unknown compiled code>
----------------- 46890 -----------------
0x000000318b20b43c	__pthread_cond_wait + 0xcc
0x00007fe3ec6cf725	Unsafe_Park + 0xf5
0x00007fe3d6193b2a	<Unknown compiled code>
----------------- 46891 -----------------
0x000000318b20b43c	__pthread_cond_wait + 0xcc
0x00007fe3ec6cf725	Unsafe_Park + 0xf5
0x00007fe3d6193b2a	<Unknown compiled code>
----------------- 46892 -----------------
0x000000318b20b43c	__pthread_cond_wait + 0xcc
0x00007fe3ec6cf725	Unsafe_Park + 0xf5
0x00007fe3d6193b2a	<Unknown compiled code>
----------------- 46893 -----------------
0x000000318b20b43c	__pthread_cond_wait + 0xcc
0x00007fe3ec6cf725	Unsafe_Park + 0xf5
0x00007fe3d6193b2a	<Unknown compiled code>
----------------- 46894 -----------------
0x000000318b20b43c	__pthread_cond_wait + 0xcc
0x00007fe3ec6cf725	Unsafe_Park + 0xf5
0x00007fe3d6193b2a	<Unknown compiled code>
----------------- 46895 -----------------
0x000000318b20b43c	__pthread_cond_wait + 0xcc
0x00007fe3ec6cf725	Unsafe_Park + 0xf5
0x00007fe3d6193b2a	<Unknown compiled code>
----------------- 46896 -----------------
0x000000318b20b43c	__pthread_cond_wait + 0xcc
0x00007fe3ec6cf725	Unsafe_Park + 0xf5
0x00007fe3d6193b2a	<Unknown compiled code>
----------------- 46980 -----------------
0x000000318aee7c73	__GI_epoll_wait + 0x33
0x00007fe3d5791872	<Unknown compiled code>
----------------- 46981 -----------------
0x000000318b20b43c	__pthread_cond_wait + 0xcc
0x00007fe3ec6cf725	Unsafe_Park + 0xf5
0x00007fe3d5017774	* sun.misc.Unsafe.park(boolean, long) bci:0 (Interpreted frame)
0x00007fe3d5007ffd	* java.util.concurrent.locks.LockSupport.park(java.lang.Object) bci:14 line:175 (Interpreted frame)
0x00007fe3d5007ffd	* java.util.concurrent.locks.AbstractQueuedSynchronizer$ConditionObject.await() bci:42 line:2039 (Interpreted frame)
0x00007fe3d5008042	* java.util.concurrent.LinkedBlockingQueue.take() bci:29 line:442 (Interpreted frame)
0x00007fe3d5007d80	* org.apache.spark.MapOutputTrackerMaster$MessageLoop.run() bci:7 line:340 (Interpreted frame)
0x00007fe3d5008042	* java.util.concurrent.ThreadPoolExecutor.runWorker(java.util.concurrent.ThreadPoolExecutor$Worker) bci:95 line:1142 (Interpreted frame)
0x00007fe3d5007ffd	* java.util.concurrent.ThreadPoolExecutor$Worker.run() bci:5 line:617 (Interpreted frame)
0x00007fe3d5008042	* java.lang.Thread.run() bci:11 line:748 (Interpreted frame)
0x00007fe3d50004e7	<StubRoutines>
0x00007fe3ec2c3d16	_ZN9JavaCalls11call_helperEP9JavaValueP12methodHandleP17JavaCallArgumentsP6Thread + 0x1056
0x00007fe3ec2c4221	_ZN9JavaCalls12call_virtualEP9JavaValue11KlassHandleP6SymbolS4_P17JavaCallArgumentsP6Thread + 0x321
0x00007fe3ec2c46c7	_ZN9JavaCalls12call_virtualEP9JavaValue6Handle11KlassHandleP6SymbolS5_P6Thread + 0x47
0x00007fe3ec35fa50	_ZL12thread_entryP10JavaThreadP6Thread + 0xa0
0x00007fe3ec6a8833	_ZN10JavaThread17thread_main_innerEv + 0x103
0x00007fe3ec6a897c	_ZN10JavaThread3runEv + 0x11c
0x00007fe3ec559568	_ZL10java_startP6Thread + 0x108
----------------- 46982 -----------------
0x000000318b20b43c	__pthread_cond_wait + 0xcc
0x00007fe3ec6cf725	Unsafe_Park + 0xf5
0x00007fe3d5017774	* sun.misc.Unsafe.park(boolean, long) bci:0 (Interpreted frame)
0x00007fe3d5007ffd	* java.util.concurrent.locks.LockSupport.park(java.lang.Object) bci:14 line:175 (Interpreted frame)
0x00007fe3d5007ffd	* java.util.concurrent.locks.AbstractQueuedSynchronizer$ConditionObject.await() bci:42 line:2039 (Interpreted frame)
0x00007fe3d5008042	* java.util.concurrent.LinkedBlockingQueue.take() bci:29 line:442 (Interpreted frame)
0x00007fe3d5007d80	* org.apache.spark.MapOutputTrackerMaster$MessageLoop.run() bci:7 line:340 (Interpreted frame)
0x00007fe3d5008042	* java.util.concurrent.ThreadPoolExecutor.runWorker(java.util.concurrent.ThreadPoolExecutor$Worker) bci:95 line:1142 (Interpreted frame)
0x00007fe3d5007ffd	* java.util.concurrent.ThreadPoolExecutor$Worker.run() bci:5 line:617 (Interpreted frame)
0x00007fe3d5008042	* java.lang.Thread.run() bci:11 line:748 (Interpreted frame)
0x00007fe3d50004e7	<StubRoutines>
0x00007fe3ec2c3d16	_ZN9JavaCalls11call_helperEP9JavaValueP12methodHandleP17JavaCallArgumentsP6Thread + 0x1056
0x00007fe3ec2c4221	_ZN9JavaCalls12call_virtualEP9JavaValue11KlassHandleP6SymbolS4_P17JavaCallArgumentsP6Thread + 0x321
0x00007fe3ec2c46c7	_ZN9JavaCalls12call_virtualEP9JavaValue6Handle11KlassHandleP6SymbolS5_P6Thread + 0x47
0x00007fe3ec35fa50	_ZL12thread_entryP10JavaThreadP6Thread + 0xa0
0x00007fe3ec6a8833	_ZN10JavaThread17thread_main_innerEv + 0x103
0x00007fe3ec6a897c	_ZN10JavaThread3runEv + 0x11c
0x00007fe3ec559568	_ZL10java_startP6Thread + 0x108
----------------- 46983 -----------------
0x000000318b20b43c	__pthread_cond_wait + 0xcc
0x00007fe3ec6cf725	Unsafe_Park + 0xf5
0x00007fe3d5017774	* sun.misc.Unsafe.park(boolean, long) bci:0 (Interpreted frame)
0x00007fe3d5007ffd	* java.util.concurrent.locks.LockSupport.park(java.lang.Object) bci:14 line:175 (Interpreted frame)
0x00007fe3d5007ffd	* java.util.concurrent.locks.AbstractQueuedSynchronizer$ConditionObject.await() bci:42 line:2039 (Interpreted frame)
0x00007fe3d5008042	* java.util.concurrent.LinkedBlockingQueue.take() bci:29 line:442 (Interpreted frame)
0x00007fe3d5007d80	* org.apache.spark.MapOutputTrackerMaster$MessageLoop.run() bci:7 line:340 (Interpreted frame)
0x00007fe3d5008042	* java.util.concurrent.ThreadPoolExecutor.runWorker(java.util.concurrent.ThreadPoolExecutor$Worker) bci:95 line:1142 (Interpreted frame)
0x00007fe3d5007ffd	* java.util.concurrent.ThreadPoolExecutor$Worker.run() bci:5 line:617 (Interpreted frame)
0x00007fe3d5008042	* java.lang.Thread.run() bci:11 line:748 (Interpreted frame)
0x00007fe3d50004e7	<StubRoutines>
0x00007fe3ec2c3d16	_ZN9JavaCalls11call_helperEP9JavaValueP12methodHandleP17JavaCallArgumentsP6Thread + 0x1056
0x00007fe3ec2c4221	_ZN9JavaCalls12call_virtualEP9JavaValue11KlassHandleP6SymbolS4_P17JavaCallArgumentsP6Thread + 0x321
0x00007fe3ec2c46c7	_ZN9JavaCalls12call_virtualEP9JavaValue6Handle11KlassHandleP6SymbolS5_P6Thread + 0x47
0x00007fe3ec35fa50	_ZL12thread_entryP10JavaThreadP6Thread + 0xa0
0x00007fe3ec6a8833	_ZN10JavaThread17thread_main_innerEv + 0x103
0x00007fe3ec6a897c	_ZN10JavaThread3runEv + 0x11c
0x00007fe3ec559568	_ZL10java_startP6Thread + 0x108
----------------- 46984 -----------------
0x000000318b20b43c	__pthread_cond_wait + 0xcc
0x00007fe3ec6cf725	Unsafe_Park + 0xf5
0x00007fe3d5017774	* sun.misc.Unsafe.park(boolean, long) bci:0 (Interpreted frame)
0x00007fe3d5007ffd	* java.util.concurrent.locks.LockSupport.park(java.lang.Object) bci:14 line:175 (Interpreted frame)
0x00007fe3d5007ffd	* java.util.concurrent.locks.AbstractQueuedSynchronizer$ConditionObject.await() bci:42 line:2039 (Interpreted frame)
0x00007fe3d5008042	* java.util.concurrent.LinkedBlockingQueue.take() bci:29 line:442 (Interpreted frame)
0x00007fe3d5007d80	* org.apache.spark.MapOutputTrackerMaster$MessageLoop.run() bci:7 line:340 (Interpreted frame)
0x00007fe3d5008042	* java.util.concurrent.ThreadPoolExecutor.runWorker(java.util.concurrent.ThreadPoolExecutor$Worker) bci:95 line:1142 (Interpreted frame)
0x00007fe3d5007ffd	* java.util.concurrent.ThreadPoolExecutor$Worker.run() bci:5 line:617 (Interpreted frame)
0x00007fe3d5008042	* java.lang.Thread.run() bci:11 line:748 (Interpreted frame)
0x00007fe3d50004e7	<StubRoutines>
0x00007fe3ec2c3d16	_ZN9JavaCalls11call_helperEP9JavaValueP12methodHandleP17JavaCallArgumentsP6Thread + 0x1056
0x00007fe3ec2c4221	_ZN9JavaCalls12call_virtualEP9JavaValue11KlassHandleP6SymbolS4_P17JavaCallArgumentsP6Thread + 0x321
0x00007fe3ec2c46c7	_ZN9JavaCalls12call_virtualEP9JavaValue6Handle11KlassHandleP6SymbolS5_P6Thread + 0x47
0x00007fe3ec35fa50	_ZL12thread_entryP10JavaThreadP6Thread + 0xa0
0x00007fe3ec6a8833	_ZN10JavaThread17thread_main_innerEv + 0x103
0x00007fe3ec6a897c	_ZN10JavaThread3runEv + 0x11c
0x00007fe3ec559568	_ZL10java_startP6Thread + 0x108
----------------- 46985 -----------------
0x000000318b20b43c	__pthread_cond_wait + 0xcc
0x00007fe3ec6cf725	Unsafe_Park + 0xf5
0x00007fe3d5017774	* sun.misc.Unsafe.park(boolean, long) bci:0 (Interpreted frame)
0x00007fe3d5007ffd	* java.util.concurrent.locks.LockSupport.park(java.lang.Object) bci:14 line:175 (Interpreted frame)
0x00007fe3d5007ffd	* java.util.concurrent.locks.AbstractQueuedSynchronizer$ConditionObject.await() bci:42 line:2039 (Interpreted frame)
0x00007fe3d5008042	* java.util.concurrent.LinkedBlockingQueue.take() bci:29 line:442 (Interpreted frame)
0x00007fe3d5007d80	* org.apache.spark.MapOutputTrackerMaster$MessageLoop.run() bci:7 line:340 (Interpreted frame)
0x00007fe3d5008042	* java.util.concurrent.ThreadPoolExecutor.runWorker(java.util.concurrent.ThreadPoolExecutor$Worker) bci:95 line:1142 (Interpreted frame)
0x00007fe3d5007ffd	* java.util.concurrent.ThreadPoolExecutor$Worker.run() bci:5 line:617 (Interpreted frame)
0x00007fe3d5008042	* java.lang.Thread.run() bci:11 line:748 (Interpreted frame)
0x00007fe3d50004e7	<StubRoutines>
0x00007fe3ec2c3d16	_ZN9JavaCalls11call_helperEP9JavaValueP12methodHandleP17JavaCallArgumentsP6Thread + 0x1056
0x00007fe3ec2c4221	_ZN9JavaCalls12call_virtualEP9JavaValue11KlassHandleP6SymbolS4_P17JavaCallArgumentsP6Thread + 0x321
0x00007fe3ec2c46c7	_ZN9JavaCalls12call_virtualEP9JavaValue6Handle11KlassHandleP6SymbolS5_P6Thread + 0x47
0x00007fe3ec35fa50	_ZL12thread_entryP10JavaThreadP6Thread + 0xa0
0x00007fe3ec6a8833	_ZN10JavaThread17thread_main_innerEv + 0x103
0x00007fe3ec6a897c	_ZN10JavaThread3runEv + 0x11c
0x00007fe3ec559568	_ZL10java_startP6Thread + 0x108
----------------- 46986 -----------------
0x000000318b20b43c	__pthread_cond_wait + 0xcc
0x00007fe3ec6cf725	Unsafe_Park + 0xf5
0x00007fe3d5017774	* sun.misc.Unsafe.park(boolean, long) bci:0 (Interpreted frame)
0x00007fe3d5007ffd	* java.util.concurrent.locks.LockSupport.park(java.lang.Object) bci:14 line:175 (Interpreted frame)
0x00007fe3d5007ffd	* java.util.concurrent.locks.AbstractQueuedSynchronizer$ConditionObject.await() bci:42 line:2039 (Interpreted frame)
0x00007fe3d5008042	* java.util.concurrent.LinkedBlockingQueue.take() bci:29 line:442 (Interpreted frame)
0x00007fe3d5007d80	* org.apache.spark.MapOutputTrackerMaster$MessageLoop.run() bci:7 line:340 (Interpreted frame)
0x00007fe3d5008042	* java.util.concurrent.ThreadPoolExecutor.runWorker(java.util.concurrent.ThreadPoolExecutor$Worker) bci:95 line:1142 (Interpreted frame)
0x00007fe3d5007ffd	* java.util.concurrent.ThreadPoolExecutor$Worker.run() bci:5 line:617 (Interpreted frame)
0x00007fe3d5008042	* java.lang.Thread.run() bci:11 line:748 (Interpreted frame)
0x00007fe3d50004e7	<StubRoutines>
0x00007fe3ec2c3d16	_ZN9JavaCalls11call_helperEP9JavaValueP12methodHandleP17JavaCallArgumentsP6Thread + 0x1056
0x00007fe3ec2c4221	_ZN9JavaCalls12call_virtualEP9JavaValue11KlassHandleP6SymbolS4_P17JavaCallArgumentsP6Thread + 0x321
0x00007fe3ec2c46c7	_ZN9JavaCalls12call_virtualEP9JavaValue6Handle11KlassHandleP6SymbolS5_P6Thread + 0x47
0x00007fe3ec35fa50	_ZL12thread_entryP10JavaThreadP6Thread + 0xa0
0x00007fe3ec6a8833	_ZN10JavaThread17thread_main_innerEv + 0x103
0x00007fe3ec6a897c	_ZN10JavaThread3runEv + 0x11c
0x00007fe3ec559568	_ZL10java_startP6Thread + 0x108
----------------- 46987 -----------------
0x000000318b20b43c	__pthread_cond_wait + 0xcc
0x00007fe3ec6cf725	Unsafe_Park + 0xf5
0x00007fe3d5017774	* sun.misc.Unsafe.park(boolean, long) bci:0 (Interpreted frame)
0x00007fe3d5007ffd	* java.util.concurrent.locks.LockSupport.park(java.lang.Object) bci:14 line:175 (Interpreted frame)
0x00007fe3d5007ffd	* java.util.concurrent.locks.AbstractQueuedSynchronizer$ConditionObject.await() bci:42 line:2039 (Interpreted frame)
0x00007fe3d5008042	* java.util.concurrent.LinkedBlockingQueue.take() bci:29 line:442 (Interpreted frame)
0x00007fe3d5007d80	* org.apache.spark.MapOutputTrackerMaster$MessageLoop.run() bci:7 line:340 (Interpreted frame)
0x00007fe3d5008042	* java.util.concurrent.ThreadPoolExecutor.runWorker(java.util.concurrent.ThreadPoolExecutor$Worker) bci:95 line:1142 (Interpreted frame)
0x00007fe3d5007ffd	* java.util.concurrent.ThreadPoolExecutor$Worker.run() bci:5 line:617 (Interpreted frame)
0x00007fe3d5008042	* java.lang.Thread.run() bci:11 line:748 (Interpreted frame)
0x00007fe3d50004e7	<StubRoutines>
0x00007fe3ec2c3d16	_ZN9JavaCalls11call_helperEP9JavaValueP12methodHandleP17JavaCallArgumentsP6Thread + 0x1056
0x00007fe3ec2c4221	_ZN9JavaCalls12call_virtualEP9JavaValue11KlassHandleP6SymbolS4_P17JavaCallArgumentsP6Thread + 0x321
0x00007fe3ec2c46c7	_ZN9JavaCalls12call_virtualEP9JavaValue6Handle11KlassHandleP6SymbolS5_P6Thread + 0x47
0x00007fe3ec35fa50	_ZL12thread_entryP10JavaThreadP6Thread + 0xa0
0x00007fe3ec6a8833	_ZN10JavaThread17thread_main_innerEv + 0x103
0x00007fe3ec6a897c	_ZN10JavaThread3runEv + 0x11c
0x00007fe3ec559568	_ZL10java_startP6Thread + 0x108
----------------- 46988 -----------------
0x000000318b20b43c	__pthread_cond_wait + 0xcc
0x00007fe3ec6cf725	Unsafe_Park + 0xf5
0x00007fe3d5017774	* sun.misc.Unsafe.park(boolean, long) bci:0 (Interpreted frame)
0x00007fe3d5007ffd	* java.util.concurrent.locks.LockSupport.park(java.lang.Object) bci:14 line:175 (Interpreted frame)
0x00007fe3d5007ffd	* java.util.concurrent.locks.AbstractQueuedSynchronizer$ConditionObject.await() bci:42 line:2039 (Interpreted frame)
0x00007fe3d5008042	* java.util.concurrent.LinkedBlockingQueue.take() bci:29 line:442 (Interpreted frame)
0x00007fe3d5007d80	* org.apache.spark.MapOutputTrackerMaster$MessageLoop.run() bci:7 line:340 (Interpreted frame)
0x00007fe3d5008042	* java.util.concurrent.ThreadPoolExecutor.runWorker(java.util.concurrent.ThreadPoolExecutor$Worker) bci:95 line:1142 (Interpreted frame)
0x00007fe3d5007ffd	* java.util.concurrent.ThreadPoolExecutor$Worker.run() bci:5 line:617 (Interpreted frame)
0x00007fe3d5008042	* java.lang.Thread.run() bci:11 line:748 (Interpreted frame)
0x00007fe3d50004e7	<StubRoutines>
0x00007fe3ec2c3d16	_ZN9JavaCalls11call_helperEP9JavaValueP12methodHandleP17JavaCallArgumentsP6Thread + 0x1056
0x00007fe3ec2c4221	_ZN9JavaCalls12call_virtualEP9JavaValue11KlassHandleP6SymbolS4_P17JavaCallArgumentsP6Thread + 0x321
0x00007fe3ec2c46c7	_ZN9JavaCalls12call_virtualEP9JavaValue6Handle11KlassHandleP6SymbolS5_P6Thread + 0x47
0x00007fe3ec35fa50	_ZL12thread_entryP10JavaThreadP6Thread + 0xa0
0x00007fe3ec6a8833	_ZN10JavaThread17thread_main_innerEv + 0x103
0x00007fe3ec6a897c	_ZN10JavaThread3runEv + 0x11c
0x00007fe3ec559568	_ZL10java_startP6Thread + 0x108
----------------- 46994 -----------------
0x000000318b20b7bb	__pthread_cond_timedwait + 0x13b
0x00007fe3ec6cf725	Unsafe_Park + 0xf5
0x00007fe3d6193b2a	<Unknown compiled code>
0x00007fe3d7b4e274	* java.util.concurrent.locks.LockSupport.parkNanos(java.lang.Object, long) bci:20 line:215 (Compiled frame)
* java.util.concurrent.locks.AbstractQueuedSynchronizer$ConditionObject.awaitNanos(long) bci:78 line:2078 (Compiled frame)
* org.spark_project.jetty.util.BlockingArrayQueue.poll(long, java.util.concurrent.TimeUnit) bci:57 line:392 (Interpreted frame)
0x00007fe3d5007e54	* org.spark_project.jetty.util.thread.QueuedThreadPool.idleJobPoll() bci:12 line:563 (Interpreted frame)
0x00007fe3d5007d80	* org.spark_project.jetty.util.thread.QueuedThreadPool.access$800(org.spark_project.jetty.util.thread.QueuedThreadPool) bci:1 line:48 (Interpreted frame)
0x00007fe3d5007d80	* org.spark_project.jetty.util.thread.QueuedThreadPool$2.run() bci:358 line:626 (Interpreted frame)
0x00007fe3d5008042	* java.lang.Thread.run() bci:11 line:748 (Interpreted frame)
0x00007fe3d50004e7	<StubRoutines>
0x00007fe3ec2c3d16	_ZN9JavaCalls11call_helperEP9JavaValueP12methodHandleP17JavaCallArgumentsP6Thread + 0x1056
0x00007fe3ec2c4221	_ZN9JavaCalls12call_virtualEP9JavaValue11KlassHandleP6SymbolS4_P17JavaCallArgumentsP6Thread + 0x321
0x00007fe3ec2c46c7	_ZN9JavaCalls12call_virtualEP9JavaValue6Handle11KlassHandleP6SymbolS5_P6Thread + 0x47
0x00007fe3ec35fa50	_ZL12thread_entryP10JavaThreadP6Thread + 0xa0
0x00007fe3ec6a8833	_ZN10JavaThread17thread_main_innerEv + 0x103
0x00007fe3ec6a897c	_ZN10JavaThread3runEv + 0x11c
0x00007fe3ec559568	_ZL10java_startP6Thread + 0x108
----------------- 46995 -----------------
0x000000318aee7c73	__GI_epoll_wait + 0x33
0x00007fe3d5791872	<Unknown compiled code>
0x00007fe3d57910d4	* sun.nio.ch.EPollArrayWrapper.poll(long) bci:18 line:269 (Compiled frame)
* sun.nio.ch.EPollSelectorImpl.doSelect(long) bci:28 line:93 (Compiled frame)
* sun.nio.ch.SelectorImpl.lockAndDoSelect(long) bci:37 line:86 (Compiled frame)
* sun.nio.ch.SelectorImpl.select(long) bci:30 line:97 (Compiled frame)
* sun.nio.ch.SelectorImpl.select() bci:2 line:101 (Interpreted frame)
0x00007fe3d5007a40	* org.spark_project.jetty.io.ManagedSelector$SelectorProducer.select() bci:45 line:243 (Interpreted frame)
0x00007fe3d50077d0	* org.spark_project.jetty.io.ManagedSelector$SelectorProducer.produce() bci:27 line:191 (Interpreted frame)
0x00007fe3d5007e54	* org.spark_project.jetty.util.thread.strategy.ExecuteProduceConsume.executeProduceConsume() bci:62 line:249 (Interpreted frame)
0x00007fe3d5007ffd	* org.spark_project.jetty.util.thread.strategy.ExecuteProduceConsume.produceConsume() bci:28 line:148 (Interpreted frame)
0x00007fe3d5007ffd	* org.spark_project.jetty.util.thread.strategy.ExecuteProduceConsume.run() bci:148 line:136 (Interpreted frame)
0x00007fe3d5008042	* org.spark_project.jetty.util.thread.QueuedThreadPool.runJob(java.lang.Runnable) bci:1 line:671 (Interpreted frame)
0x00007fe3d5007ffd	* org.spark_project.jetty.util.thread.QueuedThreadPool$2.run() bci:104 line:589 (Interpreted frame)
0x00007fe3d5008042	* java.lang.Thread.run() bci:11 line:748 (Interpreted frame)
0x00007fe3d50004e7	<StubRoutines>
0x00007fe3ec2c3d16	_ZN9JavaCalls11call_helperEP9JavaValueP12methodHandleP17JavaCallArgumentsP6Thread + 0x1056
0x00007fe3ec2c4221	_ZN9JavaCalls12call_virtualEP9JavaValue11KlassHandleP6SymbolS4_P17JavaCallArgumentsP6Thread + 0x321
0x00007fe3ec2c46c7	_ZN9JavaCalls12call_virtualEP9JavaValue6Handle11KlassHandleP6SymbolS5_P6Thread + 0x47
0x00007fe3ec35fa50	_ZL12thread_entryP10JavaThreadP6Thread + 0xa0
0x00007fe3ec6a8833	_ZN10JavaThread17thread_main_innerEv + 0x103
0x00007fe3ec6a897c	_ZN10JavaThread3runEv + 0x11c
0x00007fe3ec559568	_ZL10java_startP6Thread + 0x108
----------------- 46996 -----------------
0x000000318aee7c73	__GI_epoll_wait + 0x33
0x00007fe3d5017774	* sun.nio.ch.EPollArrayWrapper.epollWait(long, int, long, int) bci:0 (Interpreted frame)
0x00007fe3d5007a40	* sun.nio.ch.EPollArrayWrapper.poll(long) bci:18 line:269 (Interpreted frame)
0x00007fe3d5007a40	* sun.nio.ch.EPollSelectorImpl.doSelect(long) bci:28 line:93 (Interpreted frame)
0x00007fe3d5007a40	* sun.nio.ch.SelectorImpl.lockAndDoSelect(long) bci:37 line:86 (Interpreted frame)
0x00007fe3d5007a40	* sun.nio.ch.SelectorImpl.select(long) bci:30 line:97 (Interpreted frame)
0x00007fe3d5007a40	* sun.nio.ch.SelectorImpl.select() bci:2 line:101 (Interpreted frame)
0x00007fe3d5007a40	* org.spark_project.jetty.io.ManagedSelector$SelectorProducer.select() bci:45 line:243 (Interpreted frame)
0x00007fe3d50077d0	* org.spark_project.jetty.io.ManagedSelector$SelectorProducer.produce() bci:27 line:191 (Interpreted frame)
0x00007fe3d5007e54	* org.spark_project.jetty.util.thread.strategy.ExecuteProduceConsume.executeProduceConsume() bci:62 line:249 (Interpreted frame)
0x00007fe3d5007ffd	* org.spark_project.jetty.util.thread.strategy.ExecuteProduceConsume.produceConsume() bci:28 line:148 (Interpreted frame)
0x00007fe3d5007ffd	* org.spark_project.jetty.util.thread.strategy.ExecuteProduceConsume.execute() bci:164 line:100 (Interpreted frame)
0x00007fe3d5008042	* org.spark_project.jetty.io.ManagedSelector.run() bci:4 line:147 (Interpreted frame)
0x00007fe3d5008042	* org.spark_project.jetty.util.thread.QueuedThreadPool.runJob(java.lang.Runnable) bci:1 line:671 (Interpreted frame)
0x00007fe3d5007ffd	* org.spark_project.jetty.util.thread.QueuedThreadPool$2.run() bci:104 line:589 (Interpreted frame)
0x00007fe3d5008042	* java.lang.Thread.run() bci:11 line:748 (Interpreted frame)
0x00007fe3d50004e7	<StubRoutines>
0x00007fe3ec2c3d16	_ZN9JavaCalls11call_helperEP9JavaValueP12methodHandleP17JavaCallArgumentsP6Thread + 0x1056
0x00007fe3ec2c4221	_ZN9JavaCalls12call_virtualEP9JavaValue11KlassHandleP6SymbolS4_P17JavaCallArgumentsP6Thread + 0x321
0x00007fe3ec2c46c7	_ZN9JavaCalls12call_virtualEP9JavaValue6Handle11KlassHandleP6SymbolS5_P6Thread + 0x47
0x00007fe3ec35fa50	_ZL12thread_entryP10JavaThreadP6Thread + 0xa0
0x00007fe3ec6a8833	_ZN10JavaThread17thread_main_innerEv + 0x103
0x00007fe3ec6a897c	_ZN10JavaThread3runEv + 0x11c
0x00007fe3ec559568	_ZL10java_startP6Thread + 0x108
----------------- 46997 -----------------
0x000000318aee7c73	__GI_epoll_wait + 0x33
0x00007fe3d5017774	* sun.nio.ch.EPollArrayWrapper.epollWait(long, int, long, int) bci:0 (Interpreted frame)
0x00007fe3d5007a40	* sun.nio.ch.EPollArrayWrapper.poll(long) bci:18 line:269 (Interpreted frame)
0x00007fe3d5007a40	* sun.nio.ch.EPollSelectorImpl.doSelect(long) bci:28 line:93 (Interpreted frame)
0x00007fe3d5007a40	* sun.nio.ch.SelectorImpl.lockAndDoSelect(long) bci:37 line:86 (Interpreted frame)
0x00007fe3d5007a40	* sun.nio.ch.SelectorImpl.select(long) bci:30 line:97 (Interpreted frame)
0x00007fe3d5007a40	* sun.nio.ch.SelectorImpl.select() bci:2 line:101 (Interpreted frame)
0x00007fe3d5007a40	* org.spark_project.jetty.io.ManagedSelector$SelectorProducer.select() bci:45 line:243 (Interpreted frame)
0x00007fe3d50077d0	* org.spark_project.jetty.io.ManagedSelector$SelectorProducer.produce() bci:27 line:191 (Interpreted frame)
0x00007fe3d5007e54	* org.spark_project.jetty.util.thread.strategy.ExecuteProduceConsume.executeProduceConsume() bci:62 line:249 (Interpreted frame)
0x00007fe3d5007ffd	* org.spark_project.jetty.util.thread.strategy.ExecuteProduceConsume.produceConsume() bci:28 line:148 (Interpreted frame)
0x00007fe3d5007ffd	* org.spark_project.jetty.util.thread.strategy.ExecuteProduceConsume.execute() bci:164 line:100 (Interpreted frame)
0x00007fe3d5008042	* org.spark_project.jetty.io.ManagedSelector.run() bci:4 line:147 (Interpreted frame)
0x00007fe3d5008042	* org.spark_project.jetty.util.thread.QueuedThreadPool.runJob(java.lang.Runnable) bci:1 line:671 (Interpreted frame)
0x00007fe3d5007ffd	* org.spark_project.jetty.util.thread.QueuedThreadPool$2.run() bci:104 line:589 (Interpreted frame)
0x00007fe3d5008042	* java.lang.Thread.run() bci:11 line:748 (Interpreted frame)
0x00007fe3d50004e7	<StubRoutines>
0x00007fe3ec2c3d16	_ZN9JavaCalls11call_helperEP9JavaValueP12methodHandleP17JavaCallArgumentsP6Thread + 0x1056
0x00007fe3ec2c4221	_ZN9JavaCalls12call_virtualEP9JavaValue11KlassHandleP6SymbolS4_P17JavaCallArgumentsP6Thread + 0x321
0x00007fe3ec2c46c7	_ZN9JavaCalls12call_virtualEP9JavaValue6Handle11KlassHandleP6SymbolS5_P6Thread + 0x47
0x00007fe3ec35fa50	_ZL12thread_entryP10JavaThreadP6Thread + 0xa0
0x00007fe3ec6a8833	_ZN10JavaThread17thread_main_innerEv + 0x103
0x00007fe3ec6a897c	_ZN10JavaThread3runEv + 0x11c
0x00007fe3ec559568	_ZL10java_startP6Thread + 0x108
----------------- 46998 -----------------
0x000000318b20e84d	__libc_accept + 0x2d
0x00007fe3d5017774	* sun.nio.ch.ServerSocketChannelImpl.accept0(java.io.FileDescriptor, java.io.FileDescriptor, java.net.InetSocketAddress[]) bci:0 (Interpreted frame)
0x00007fe3d5007a40	* sun.nio.ch.ServerSocketChannelImpl.accept(java.io.FileDescriptor, java.io.FileDescriptor, java.net.InetSocketAddress[]) bci:4 line:422 (Interpreted frame)
0x00007fe3d5007a40	* sun.nio.ch.ServerSocketChannelImpl.accept() bci:130 line:250 (Interpreted frame)
0x00007fe3d5007d80	* org.spark_project.jetty.server.ServerConnector.accept(int) bci:17 line:373 (Interpreted frame)
0x00007fe3d5007ffd	* org.spark_project.jetty.server.AbstractConnector$Acceptor.run() bci:157 line:593 (Interpreted frame)
0x00007fe3d5008042	* org.spark_project.jetty.util.thread.QueuedThreadPool.runJob(java.lang.Runnable) bci:1 line:671 (Interpreted frame)
0x00007fe3d5007ffd	* org.spark_project.jetty.util.thread.QueuedThreadPool$2.run() bci:104 line:589 (Interpreted frame)
0x00007fe3d5008042	* java.lang.Thread.run() bci:11 line:748 (Interpreted frame)
0x00007fe3d50004e7	<StubRoutines>
0x00007fe3ec2c3d16	_ZN9JavaCalls11call_helperEP9JavaValueP12methodHandleP17JavaCallArgumentsP6Thread + 0x1056
0x00007fe3ec2c4221	_ZN9JavaCalls12call_virtualEP9JavaValue11KlassHandleP6SymbolS4_P17JavaCallArgumentsP6Thread + 0x321
0x00007fe3ec2c46c7	_ZN9JavaCalls12call_virtualEP9JavaValue6Handle11KlassHandleP6SymbolS5_P6Thread + 0x47
0x00007fe3ec35fa50	_ZL12thread_entryP10JavaThreadP6Thread + 0xa0
0x00007fe3ec6a8833	_ZN10JavaThread17thread_main_innerEv + 0x103
0x00007fe3ec6a897c	_ZN10JavaThread3runEv + 0x11c
0x00007fe3ec559568	_ZL10java_startP6Thread + 0x108
----------------- 46999 -----------------
0x000000318b20b7bb	__pthread_cond_timedwait + 0x13b
0x00007fe3ec6cf725	Unsafe_Park + 0xf5
0x00007fe3d6193b2a	<Unknown compiled code>
0x00007fe3d7b4e274	* java.util.concurrent.locks.LockSupport.parkNanos(java.lang.Object, long) bci:20 line:215 (Compiled frame)
* java.util.concurrent.locks.AbstractQueuedSynchronizer$ConditionObject.awaitNanos(long) bci:78 line:2078 (Compiled frame)
* org.spark_project.jetty.util.BlockingArrayQueue.poll(long, java.util.concurrent.TimeUnit) bci:57 line:392 (Interpreted frame)
0x00007fe3d5007e54	* org.spark_project.jetty.util.thread.QueuedThreadPool.idleJobPoll() bci:12 line:563 (Interpreted frame)
0x00007fe3d5007d80	* org.spark_project.jetty.util.thread.QueuedThreadPool.access$800(org.spark_project.jetty.util.thread.QueuedThreadPool) bci:1 line:48 (Interpreted frame)
0x00007fe3d5007d80	* org.spark_project.jetty.util.thread.QueuedThreadPool$2.run() bci:358 line:626 (Interpreted frame)
0x00007fe3d5008042	* java.lang.Thread.run() bci:11 line:748 (Interpreted frame)
0x00007fe3d50004e7	<StubRoutines>
0x00007fe3ec2c3d16	_ZN9JavaCalls11call_helperEP9JavaValueP12methodHandleP17JavaCallArgumentsP6Thread + 0x1056
0x00007fe3ec2c4221	_ZN9JavaCalls12call_virtualEP9JavaValue11KlassHandleP6SymbolS4_P17JavaCallArgumentsP6Thread + 0x321
0x00007fe3ec2c46c7	_ZN9JavaCalls12call_virtualEP9JavaValue6Handle11KlassHandleP6SymbolS5_P6Thread + 0x47
0x00007fe3ec35fa50	_ZL12thread_entryP10JavaThreadP6Thread + 0xa0
0x00007fe3ec6a8833	_ZN10JavaThread17thread_main_innerEv + 0x103
0x00007fe3ec6a897c	_ZN10JavaThread3runEv + 0x11c
0x00007fe3ec559568	_ZL10java_startP6Thread + 0x108
----------------- 47000 -----------------
0x000000318aee7c73	__GI_epoll_wait + 0x33
0x00007fe3d5791872	<Unknown compiled code>
0x00007fe3d57910d4	* sun.nio.ch.EPollArrayWrapper.poll(long) bci:18 line:269 (Compiled frame)
* sun.nio.ch.EPollSelectorImpl.doSelect(long) bci:28 line:93 (Compiled frame)
* sun.nio.ch.SelectorImpl.lockAndDoSelect(long) bci:37 line:86 (Compiled frame)
* sun.nio.ch.SelectorImpl.select(long) bci:30 line:97 (Compiled frame)
* sun.nio.ch.SelectorImpl.select() bci:2 line:101 (Interpreted frame)
0x00007fe3d5007a40	* org.spark_project.jetty.io.ManagedSelector$SelectorProducer.select() bci:45 line:243 (Interpreted frame)
0x00007fe3d50077d0	* org.spark_project.jetty.io.ManagedSelector$SelectorProducer.produce() bci:27 line:191 (Interpreted frame)
0x00007fe3d5007e54	* org.spark_project.jetty.util.thread.strategy.ExecuteProduceConsume.executeProduceConsume() bci:62 line:249 (Interpreted frame)
0x00007fe3d5007ffd	* org.spark_project.jetty.util.thread.strategy.ExecuteProduceConsume.produceConsume() bci:28 line:148 (Interpreted frame)
0x00007fe3d5007ffd	* org.spark_project.jetty.util.thread.strategy.ExecuteProduceConsume.run() bci:148 line:136 (Interpreted frame)
0x00007fe3d5008042	* org.spark_project.jetty.util.thread.QueuedThreadPool.runJob(java.lang.Runnable) bci:1 line:671 (Interpreted frame)
0x00007fe3d5007ffd	* org.spark_project.jetty.util.thread.QueuedThreadPool$2.run() bci:104 line:589 (Interpreted frame)
0x00007fe3d5008042	* java.lang.Thread.run() bci:11 line:748 (Interpreted frame)
0x00007fe3d50004e7	<StubRoutines>
0x00007fe3ec2c3d16	_ZN9JavaCalls11call_helperEP9JavaValueP12methodHandleP17JavaCallArgumentsP6Thread + 0x1056
0x00007fe3ec2c4221	_ZN9JavaCalls12call_virtualEP9JavaValue11KlassHandleP6SymbolS4_P17JavaCallArgumentsP6Thread + 0x321
0x00007fe3ec2c46c7	_ZN9JavaCalls12call_virtualEP9JavaValue6Handle11KlassHandleP6SymbolS5_P6Thread + 0x47
0x00007fe3ec35fa50	_ZL12thread_entryP10JavaThreadP6Thread + 0xa0
0x00007fe3ec6a8833	_ZN10JavaThread17thread_main_innerEv + 0x103
0x00007fe3ec6a897c	_ZN10JavaThread3runEv + 0x11c
0x00007fe3ec559568	_ZL10java_startP6Thread + 0x108
----------------- 47001 -----------------
0x000000318b20b7bb	__pthread_cond_timedwait + 0x13b
0x00007fe3ec6cf725	Unsafe_Park + 0xf5
0x00007fe3d6193b2a	<Unknown compiled code>
0x00007fe3d7b4e274	* java.util.concurrent.locks.LockSupport.parkNanos(java.lang.Object, long) bci:20 line:215 (Compiled frame)
* java.util.concurrent.locks.AbstractQueuedSynchronizer$ConditionObject.awaitNanos(long) bci:78 line:2078 (Compiled frame)
* org.spark_project.jetty.util.BlockingArrayQueue.poll(long, java.util.concurrent.TimeUnit) bci:57 line:392 (Interpreted frame)
0x00007fe3d5007e54	* org.spark_project.jetty.util.thread.QueuedThreadPool.idleJobPoll() bci:12 line:563 (Interpreted frame)
0x00007fe3d5007d80	* org.spark_project.jetty.util.thread.QueuedThreadPool.access$800(org.spark_project.jetty.util.thread.QueuedThreadPool) bci:1 line:48 (Interpreted frame)
0x00007fe3d5007d80	* org.spark_project.jetty.util.thread.QueuedThreadPool$2.run() bci:358 line:626 (Interpreted frame)
0x00007fe3d5008042	* java.lang.Thread.run() bci:11 line:748 (Interpreted frame)
0x00007fe3d50004e7	<StubRoutines>
0x00007fe3ec2c3d16	_ZN9JavaCalls11call_helperEP9JavaValueP12methodHandleP17JavaCallArgumentsP6Thread + 0x1056
0x00007fe3ec2c4221	_ZN9JavaCalls12call_virtualEP9JavaValue11KlassHandleP6SymbolS4_P17JavaCallArgumentsP6Thread + 0x321
0x00007fe3ec2c46c7	_ZN9JavaCalls12call_virtualEP9JavaValue6Handle11KlassHandleP6SymbolS5_P6Thread + 0x47
0x00007fe3ec35fa50	_ZL12thread_entryP10JavaThreadP6Thread + 0xa0
0x00007fe3ec6a8833	_ZN10JavaThread17thread_main_innerEv + 0x103
0x00007fe3ec6a897c	_ZN10JavaThread3runEv + 0x11c
0x00007fe3ec559568	_ZL10java_startP6Thread + 0x108
----------------- 47035 -----------------
0x000000318b20b7bb	__pthread_cond_timedwait + 0x13b
0x00007fe3ec6cf725	Unsafe_Park + 0xf5
0x00007fe3d6193b2a	<Unknown compiled code>
----------------- 47036 -----------------
0x000000318b20b43c	__pthread_cond_wait + 0xcc
0x00007fe3ec544655	_ZN13ObjectMonitor4waitElbP6Thread + 0xa65
0x00007fe3ec357d52	JVM_MonitorWait + 0x182
0x00007fe3d5017774	* java.lang.Object.wait(long) bci:0 (Interpreted frame)
0x00007fe3d5007ffd	* java.lang.Object.wait() bci:2 line:502 (Interpreted frame)
0x00007fe3d5007ffd	* java.util.TimerThread.mainLoop() bci:28 line:526 (Interpreted frame)
0x00007fe3d5007ffd	* java.util.TimerThread.run() bci:1 line:505 (Interpreted frame)
0x00007fe3d50004e7	<StubRoutines>
0x00007fe3ec2c3d16	_ZN9JavaCalls11call_helperEP9JavaValueP12methodHandleP17JavaCallArgumentsP6Thread + 0x1056
0x00007fe3ec2c4221	_ZN9JavaCalls12call_virtualEP9JavaValue11KlassHandleP6SymbolS4_P17JavaCallArgumentsP6Thread + 0x321
0x00007fe3ec2c46c7	_ZN9JavaCalls12call_virtualEP9JavaValue6Handle11KlassHandleP6SymbolS5_P6Thread + 0x47
0x00007fe3ec35fa50	_ZL12thread_entryP10JavaThreadP6Thread + 0xa0
0x00007fe3ec6a8833	_ZN10JavaThread17thread_main_innerEv + 0x103
0x00007fe3ec6a897c	_ZN10JavaThread3runEv + 0x11c
0x00007fe3ec559568	_ZL10java_startP6Thread + 0x108
----------------- 47037 -----------------
0x000000318b20b7bb	__pthread_cond_timedwait + 0x13b
0x00007fe3ec6cf725	Unsafe_Park + 0xf5
0x00007fe3d6193b2a	<Unknown compiled code>
0x00007fe3d7b4e274	* java.util.concurrent.locks.LockSupport.parkNanos(java.lang.Object, long) bci:20 line:215 (Compiled frame)
* java.util.concurrent.locks.AbstractQueuedSynchronizer$ConditionObject.awaitNanos(long) bci:78 line:2078 (Compiled frame)
* java.util.concurrent.ScheduledThreadPoolExecutor$DelayedWorkQueue.take() bci:124 line:1093 (Interpreted frame)
0x00007fe3d5007d80	* java.util.concurrent.ScheduledThreadPoolExecutor$DelayedWorkQueue.take() bci:1 line:809 (Interpreted frame)
0x00007fe3d5007e54	* java.util.concurrent.ThreadPoolExecutor.getTask() bci:149 line:1067 (Interpreted frame)
0x00007fe3d5007d80	* java.util.concurrent.ThreadPoolExecutor.runWorker(java.util.concurrent.ThreadPoolExecutor$Worker) bci:26 line:1127 (Interpreted frame)
0x00007fe3d5007ffd	* java.util.concurrent.ThreadPoolExecutor$Worker.run() bci:5 line:617 (Interpreted frame)
0x00007fe3d5008042	* java.lang.Thread.run() bci:11 line:748 (Interpreted frame)
0x00007fe3d50004e7	<StubRoutines>
0x00007fe3ec2c3d16	_ZN9JavaCalls11call_helperEP9JavaValueP12methodHandleP17JavaCallArgumentsP6Thread + 0x1056
0x00007fe3ec2c4221	_ZN9JavaCalls12call_virtualEP9JavaValue11KlassHandleP6SymbolS4_P17JavaCallArgumentsP6Thread + 0x321
0x00007fe3ec2c46c7	_ZN9JavaCalls12call_virtualEP9JavaValue6Handle11KlassHandleP6SymbolS5_P6Thread + 0x47
0x00007fe3ec35fa50	_ZL12thread_entryP10JavaThreadP6Thread + 0xa0
0x00007fe3ec6a8833	_ZN10JavaThread17thread_main_innerEv + 0x103
0x00007fe3ec6a897c	_ZN10JavaThread3runEv + 0x11c
0x00007fe3ec559568	_ZL10java_startP6Thread + 0x108
----------------- 47041 -----------------
0x000000318b20b43c	__pthread_cond_wait + 0xcc
0x00007fe3ec6cf725	Unsafe_Park + 0xf5
0x00007fe3d6193b2a	<Unknown compiled code>
0x00007fe3d73ed42c	* java.util.concurrent.locks.LockSupport.park(java.lang.Object) bci:14 line:175 (Compiled frame)
* java.util.concurrent.locks.AbstractQueuedSynchronizer$ConditionObject.await() bci:42 line:2039 (Compiled frame)
* java.util.concurrent.LinkedBlockingDeque.takeFirst() bci:22 line:492 (Compiled frame)
* java.util.concurrent.LinkedBlockingDeque.take() bci:1 line:680 (Compiled frame)
* org.apache.spark.util.EventLoop$$anon$1.run() bci:90 line:46 (Compiled frame)
0x00007fe3ec2c3d16	_ZN9JavaCalls11call_helperEP9JavaValueP12methodHandleP17JavaCallArgumentsP6Thread + 0x1056
0x00007fe3ec2c4221	_ZN9JavaCalls12call_virtualEP9JavaValue11KlassHandleP6SymbolS4_P17JavaCallArgumentsP6Thread + 0x321
0x00007fe3ec2c46c7	_ZN9JavaCalls12call_virtualEP9JavaValue6Handle11KlassHandleP6SymbolS5_P6Thread + 0x47
0x00007fe3ec35fa50	_ZL12thread_entryP10JavaThreadP6Thread + 0xa0
0x00007fe3ec6a8833	_ZN10JavaThread17thread_main_innerEv + 0x103
0x00007fe3ec6a897c	_ZN10JavaThread3runEv + 0x11c
0x00007fe3ec559568	_ZL10java_startP6Thread + 0x108
----------------- 47042 -----------------
0x000000318b20b7bb	__pthread_cond_timedwait + 0x13b
0x00007fe3ec6cf725	Unsafe_Park + 0xf5
0x00007fe3d6193b2a	<Unknown compiled code>
----------------- 47043 -----------------
0x000000318aee7c73	__GI_epoll_wait + 0x33
0x00007fe3d5791872	<Unknown compiled code>
----------------- 47052 -----------------
0x000000318b20b7bb	__pthread_cond_timedwait + 0x13b
0x00007fe3ec543e6f	_ZN13ObjectMonitor4waitElbP6Thread + 0x27f
0x00007fe3ec357d52	JVM_MonitorWait + 0x182
0x00007fe3d67a0c28	<Unknown compiled code>
0x00007fe3d554f18c	* java.lang.ref.ReferenceQueue.remove(long) bci:59 line:143 (Compiled frame)
----------------- 47053 -----------------
0x000000318b20b7bb	__pthread_cond_timedwait + 0x13b
0x00007fe3ec6cf725	Unsafe_Park + 0xf5
0x00007fe3d6193b2a	<Unknown compiled code>
----------------- 47054 -----------------
0x000000318b20b43c	__pthread_cond_wait + 0xcc
0x00007fe3ec6cf725	Unsafe_Park + 0xf5
0x00007fe3d6193b2a	<Unknown compiled code>
----------------- 47055 -----------------
0x000000318b20b43c	__pthread_cond_wait + 0xcc
0x00007fe3ec6cf725	Unsafe_Park + 0xf5
0x00007fe3d6193b2a	<Unknown compiled code>
----------------- 47056 -----------------
0x000000318b20b43c	__pthread_cond_wait + 0xcc
0x00007fe3ec6cf725	Unsafe_Park + 0xf5
0x00007fe3d6193b2a	<Unknown compiled code>
----------------- 47102 -----------------
0x000000318b20b43c	__pthread_cond_wait + 0xcc
0x00007fe3ec6cf725	Unsafe_Park + 0xf5
0x00007fe3d6193b2a	<Unknown compiled code>
----------------- 47107 -----------------
0x000000318b20b43c	__pthread_cond_wait + 0xcc
0x00007fe3ec6cf725	Unsafe_Park + 0xf5
0x00007fe3d6193b2a	<Unknown compiled code>
0x00007fe3d5007ffd	* scala.concurrent.forkjoin.ForkJoinPool.scan(scala.concurrent.forkjoin.ForkJoinPool$WorkQueue) bci:525 line:2075 (Interpreted frame)
0x00007fe3d5007d80	* scala.concurrent.forkjoin.ForkJoinPool.runWorker(scala.concurrent.forkjoin.ForkJoinPool$WorkQueue) bci:8 line:1979 (Interpreted frame)
0x00007fe3d5007ffd	* scala.concurrent.forkjoin.ForkJoinWorkerThread.run() bci:14 line:107 (Interpreted frame)
0x00007fe3d50004e7	<StubRoutines>
0x00007fe3ec2c3d16	_ZN9JavaCalls11call_helperEP9JavaValueP12methodHandleP17JavaCallArgumentsP6Thread + 0x1056
0x00007fe3ec2c4221	_ZN9JavaCalls12call_virtualEP9JavaValue11KlassHandleP6SymbolS4_P17JavaCallArgumentsP6Thread + 0x321
0x00007fe3ec2c46c7	_ZN9JavaCalls12call_virtualEP9JavaValue6Handle11KlassHandleP6SymbolS5_P6Thread + 0x47
0x00007fe3ec35fa50	_ZL12thread_entryP10JavaThreadP6Thread + 0xa0
0x00007fe3ec6a8833	_ZN10JavaThread17thread_main_innerEv + 0x103
0x00007fe3ec6a897c	_ZN10JavaThread3runEv + 0x11c
0x00007fe3ec559568	_ZL10java_startP6Thread + 0x108
----------------- 47407 -----------------
0x000000318b20b43c	__pthread_cond_wait + 0xcc
0x00007fe3ec6cf725	Unsafe_Park + 0xf5
0x00007fe3d6193b2a	<Unknown compiled code>
0x00007fe3d5c0224c	* java.util.concurrent.locks.LockSupport.park(java.lang.Object) bci:14 line:175 (Compiled frame)
* java.util.concurrent.locks.AbstractQueuedSynchronizer.parkAndCheckInterrupt() bci:1 line:836 (Compiled frame)
* java.util.concurrent.locks.AbstractQueuedSynchronizer.doAcquireSharedInterruptibly(int) bci:72 line:997 (Compiled frame)
* java.util.concurrent.locks.AbstractQueuedSynchronizer.acquireSharedInterruptibly(int) bci:24 line:1304 (Compiled frame)
* scala.concurrent.impl.Promise$DefaultPromise.tryAwait(scala.concurrent.duration.Duration) bci:74 line:202 (Compiled frame)
* scala.concurrent.impl.Promise$DefaultPromise.ready(scala.concurrent.duration.Duration, scala.concurrent.CanAwait) bci:2 line:218 (Compiled frame)
* scala.concurrent.impl.Promise$DefaultPromise.ready(scala.concurrent.duration.Duration, scala.concurrent.CanAwait) bci:3 line:153 (Interpreted frame)
0x00007fe3d5007e54	* org.apache.spark.util.ThreadUtils$.awaitReady(scala.concurrent.Awaitable, scala.concurrent.duration.Duration) bci:5 line:222 (Interpreted frame)
0x00007fe3d5007d80	* org.apache.spark.scheduler.DAGScheduler.runJob(org.apache.spark.rdd.RDD, scala.Function2, scala.collection.Seq, org.apache.spark.util.CallSite, scala.Function2, java.util.Properties) bci:34 line:621 (Interpreted frame)
0x00007fe3d8254154	* org.apache.spark.SparkContext.runJob(org.apache.spark.rdd.RDD, scala.Function2, scala.collection.Seq, scala.Function2, scala.reflect.ClassTag) bci:104 line:2032 (Compiled frame)
* org.apache.spark.SparkContext.runJob(org.apache.spark.rdd.RDD, scala.Function2, scala.collection.Seq, scala.reflect.ClassTag) bci:31 line:2053 (Interpreted frame)
0x00007fe3d7f8cb2c	* org.apache.spark.SparkContext.runJob(org.apache.spark.rdd.RDD, scala.Function1, scala.collection.Seq, scala.reflect.ClassTag) bci:29 line:2072 (Compiled frame)
* org.apache.spark.SparkContext.runJob(org.apache.spark.rdd.RDD, scala.Function1, scala.reflect.ClassTag) bci:22 line:2097 (Interpreted frame)
0x00007fe3d5007d80	* org.apache.spark.rdd.RDD.count() bci:22 line:1158 (Interpreted frame)
0x00007fe3d5007b10	* com.spark.aimer.debug.KafkaDirectDemo$$anonfun$2.apply(org.apache.spark.rdd.RDD) bci:789 line:123 (Interpreted frame)
0x00007fe3d5007ffd	* com.spark.aimer.debug.KafkaDirectDemo$$anonfun$2.apply(java.lang.Object) bci:5 line:83 (Interpreted frame)
0x00007fe3d5007e54	* org.apache.spark.streaming.dstream.DStream$$anonfun$foreachRDD$1$$anonfun$apply$mcV$sp$3.apply(org.apache.spark.rdd.RDD, org.apache.spark.streaming.Time) bci:5 line:628 (Interpreted frame)
0x00007fe3d5007ffd	* org.apache.spark.streaming.dstream.DStream$$anonfun$foreachRDD$1$$anonfun$apply$mcV$sp$3.apply(java.lang.Object, java.lang.Object) bci:9 line:628 (Interpreted frame)
0x00007fe3d5007e54	* org.apache.spark.streaming.dstream.ForEachDStream$$anonfun$1$$anonfun$apply$mcV$sp$1.apply$mcV$sp() bci:24 line:51 (Interpreted frame)
0x00007fe3d5007ffd	* org.apache.spark.streaming.dstream.ForEachDStream$$anonfun$1$$anonfun$apply$mcV$sp$1.apply() bci:1 line:51 (Interpreted frame)
0x00007fe3d5007ffd	* org.apache.spark.streaming.dstream.ForEachDStream$$anonfun$1$$anonfun$apply$mcV$sp$1.apply() bci:1 line:51 (Interpreted frame)
0x00007fe3d862cf8c	* org.apache.spark.streaming.dstream.DStream.createRDDWithLocalProperties(org.apache.spark.streaming.Time, boolean, scala.Function0) bci:162 line:416 (Compiled frame)
* org.apache.spark.streaming.dstream.ForEachDStream$$anonfun$1.apply$mcV$sp() bci:23 line:50 (Interpreted frame)
0x00007fe3d5007ffd	* org.apache.spark.streaming.dstream.ForEachDStream$$anonfun$1.apply() bci:1 line:50 (Interpreted frame)
0x00007fe3d5007ffd	* org.apache.spark.streaming.dstream.ForEachDStream$$anonfun$1.apply() bci:1 line:50 (Interpreted frame)
0x00007fe3d667fc4c	* scala.util.Try$.apply(scala.Function0) bci:5 line:192 (Compiled frame)
* org.apache.spark.streaming.scheduler.Job.run() bci:8 line:39 (Interpreted frame)
0x00007fe3d5007ffd	* org.apache.spark.streaming.scheduler.JobScheduler$JobHandler$$anonfun$run$1.apply$mcV$sp() bci:7 line:257 (Interpreted frame)
0x00007fe3d5007ffd	* org.apache.spark.streaming.scheduler.JobScheduler$JobHandler$$anonfun$run$1.apply() bci:1 line:257 (Interpreted frame)
0x00007fe3d5007ffd	* org.apache.spark.streaming.scheduler.JobScheduler$JobHandler$$anonfun$run$1.apply() bci:1 line:257 (Interpreted frame)
0x00007fe3d846abac	* scala.util.DynamicVariable.withValue(java.lang.Object, scala.Function0) bci:14 line:58 (Compiled frame)
* org.apache.spark.streaming.scheduler.JobScheduler$JobHandler.run() bci:435 line:256 (Interpreted frame)
0x00007fe3d5008042	* java.util.concurrent.ThreadPoolExecutor.runWorker(java.util.concurrent.ThreadPoolExecutor$Worker) bci:95 line:1142 (Interpreted frame)
0x00007fe3d5007ffd	* java.util.concurrent.ThreadPoolExecutor$Worker.run() bci:5 line:617 (Interpreted frame)
0x00007fe3d5008042	* java.lang.Thread.run() bci:11 line:748 (Interpreted frame)
0x00007fe3d50004e7	<StubRoutines>
0x00007fe3ec2c3d16	_ZN9JavaCalls11call_helperEP9JavaValueP12methodHandleP17JavaCallArgumentsP6Thread + 0x1056
0x00007fe3ec2c4221	_ZN9JavaCalls12call_virtualEP9JavaValue11KlassHandleP6SymbolS4_P17JavaCallArgumentsP6Thread + 0x321
0x00007fe3ec2c46c7	_ZN9JavaCalls12call_virtualEP9JavaValue6Handle11KlassHandleP6SymbolS5_P6Thread + 0x47
0x00007fe3ec35fa50	_ZL12thread_entryP10JavaThreadP6Thread + 0xa0
0x00007fe3ec6a8833	_ZN10JavaThread17thread_main_innerEv + 0x103
0x00007fe3ec6a897c	_ZN10JavaThread3runEv + 0x11c
0x00007fe3ec559568	_ZL10java_startP6Thread + 0x108
----------------- 47622 -----------------
0x000000318b20b43c	__pthread_cond_wait + 0xcc
0x00007fe3ec544655	_ZN13ObjectMonitor4waitElbP6Thread + 0xa65
0x00007fe3ec357d52	JVM_MonitorWait + 0x182
0x00007fe3d5017774	* java.lang.Object.wait(long) bci:0 (Interpreted frame)
----------------- 47913 -----------------
0x000000318aee7c73	__GI_epoll_wait + 0x33
0x00007fe3d5791872	<Unknown compiled code>
----------------- 47914 -----------------
0x000000318aee7c73	__GI_epoll_wait + 0x33
0x00007fe3d5791872	<Unknown compiled code>
----------------- 47915 -----------------
0x000000318b20b7bb	__pthread_cond_timedwait + 0x13b
0x00007fe3ec5598f3	_ZN2os5sleepEP6Threadlb + 0x283
0x00007fe3ec356bda	JVM_Sleep + 0x3ba
0x00007fe3d5a2b871	<Unknown compiled code>
0x00007fe3d5007ffd	* io.netty.util.ThreadDeathWatcher$Watcher.run() bci:19 line:152 (Interpreted frame)
0x00007fe3d5008042	* io.netty.util.concurrent.DefaultThreadFactory$DefaultRunnableDecorator.run() bci:4 line:144 (Interpreted frame)
0x00007fe3d5008042	* java.lang.Thread.run() bci:11 line:748 (Interpreted frame)
0x00007fe3d50004e7	<StubRoutines>
0x00007fe3ec2c3d16	_ZN9JavaCalls11call_helperEP9JavaValueP12methodHandleP17JavaCallArgumentsP6Thread + 0x1056
0x00007fe3ec2c4221	_ZN9JavaCalls12call_virtualEP9JavaValue11KlassHandleP6SymbolS4_P17JavaCallArgumentsP6Thread + 0x321
0x00007fe3ec2c46c7	_ZN9JavaCalls12call_virtualEP9JavaValue6Handle11KlassHandleP6SymbolS5_P6Thread + 0x47
0x00007fe3ec35fa50	_ZL12thread_entryP10JavaThreadP6Thread + 0xa0
0x00007fe3ec6a8833	_ZN10JavaThread17thread_main_innerEv + 0x103
0x00007fe3ec6a897c	_ZN10JavaThread3runEv + 0x11c
0x00007fe3ec559568	_ZL10java_startP6Thread + 0x108
----------------- 48194 -----------------
0x000000318b20b43c	__pthread_cond_wait + 0xcc
0x00007fe3ec6cf725	Unsafe_Park + 0xf5
0x00007fe3d6193b2a	<Unknown compiled code>
----------------- 48195 -----------------
0x000000318b20b43c	__pthread_cond_wait + 0xcc
0x00007fe3ec6cf725	Unsafe_Park + 0xf5
0x00007fe3d6193b2a	<Unknown compiled code>
----------------- 48196 -----------------
0x000000318b20b43c	__pthread_cond_wait + 0xcc
0x00007fe3ec6cf725	Unsafe_Park + 0xf5
0x00007fe3d6193b2a	<Unknown compiled code>
----------------- 48197 -----------------
0x000000318b20b43c	__pthread_cond_wait + 0xcc
0x00007fe3ec6cf725	Unsafe_Park + 0xf5
0x00007fe3d6193b2a	<Unknown compiled code>
----------------- 25173 -----------------
0x000000318b20b43c	__pthread_cond_wait + 0xcc
0x00007fe3ec544655	_ZN13ObjectMonitor4waitElbP6Thread + 0xa65
0x00007fe3ec357d52	JVM_MonitorWait + 0x182
0x00007fe3d67a0c28	<Unknown compiled code>
0x00007fe3d5007ffd	* java.lang.Thread.join(long) bci:38 line:1252 (Interpreted frame)
0x00007fe3d5007ffd	* java.lang.Thread.join() bci:2 line:1326 (Interpreted frame)
0x00007fe3d5007ffd	* java.lang.ApplicationShutdownHooks.runHooks() bci:86 line:106 (Interpreted frame)
0x00007fe3d5007ffd	* java.lang.ApplicationShutdownHooks$1.run() bci:0 line:46 (Interpreted frame)
0x00007fe3d5008042	* java.lang.Shutdown.runHooks() bci:39 line:123 (Interpreted frame)
0x00007fe3d5007ffd	* java.lang.Shutdown.sequence() bci:26 line:167 (Interpreted frame)
0x00007fe3d5007ffd	* java.lang.Shutdown.exit(int) bci:95 line:212 (Interpreted frame)
0x00007fe3d5007ffd	* java.lang.Runtime.exit(int) bci:14 line:109 (Interpreted frame)
0x00007fe3d5007ffd	* java.lang.System.exit(int) bci:4 line:971 (Interpreted frame)
0x00007fe3d5007ffd	* org.apache.spark.util.SparkUncaughtExceptionHandler$.uncaughtException(java.lang.Thread, java.lang.Throwable) bci:59 line:42 (Interpreted frame)
0x00007fe3d5008042	* org.apache.spark.executor.Executor$TaskRunner.run() bci:2305 line:509 (Interpreted frame)
0x00007fe3d6e6c0ac	* java.util.concurrent.ThreadPoolExecutor.runWorker(java.util.concurrent.ThreadPoolExecutor$Worker) bci:95 line:1142 (Compiled frame)
* java.util.concurrent.ThreadPoolExecutor$Worker.run() bci:5 line:617 (Interpreted frame)
0x00007fe3d5008042	* java.lang.Thread.run() bci:11 line:748 (Interpreted frame)
0x00007fe3d50004e7	<StubRoutines>
0x00007fe3ec2c3d16	_ZN9JavaCalls11call_helperEP9JavaValueP12methodHandleP17JavaCallArgumentsP6Thread + 0x1056
0x00007fe3ec2c4221	_ZN9JavaCalls12call_virtualEP9JavaValue11KlassHandleP6SymbolS4_P17JavaCallArgumentsP6Thread + 0x321
0x00007fe3ec2c46c7	_ZN9JavaCalls12call_virtualEP9JavaValue6Handle11KlassHandleP6SymbolS5_P6Thread + 0x47
0x00007fe3ec35fa50	_ZL12thread_entryP10JavaThreadP6Thread + 0xa0
0x00007fe3ec6a8833	_ZN10JavaThread17thread_main_innerEv + 0x103
0x00007fe3ec6a897c	_ZN10JavaThread3runEv + 0x11c
0x00007fe3ec559568	_ZL10java_startP6Thread + 0x108
----------------- 65326 -----------------
0x000000318b20b43c	__pthread_cond_wait + 0xcc
0x00007fe3ec6cf725	Unsafe_Park + 0xf5
0x00007fe3d6193b2a	<Unknown compiled code>
----------------- 25814 -----------------
0x000000318b20b7bb	__pthread_cond_timedwait + 0x13b
0x00007fe3ec6cf725	Unsafe_Park + 0xf5
0x00007fe3d6193b2a	<Unknown compiled code>
0x00007fe3d7b4e274	* java.util.concurrent.locks.LockSupport.parkNanos(java.lang.Object, long) bci:20 line:215 (Compiled frame)
* java.util.concurrent.locks.AbstractQueuedSynchronizer$ConditionObject.awaitNanos(long) bci:78 line:2078 (Compiled frame)
* java.util.concurrent.ThreadPoolExecutor.awaitTermination(long, java.util.concurrent.TimeUnit) bci:68 line:1465 (Interpreted frame)
0x00007fe3d50077d0	* org.apache.spark.streaming.scheduler.JobScheduler.stop(boolean) bci:96 line:131 (Interpreted frame)
0x00007fe3d5007ffd	* org.apache.spark.streaming.StreamingContext$$anonfun$stop$1.apply$mcV$sp() bci:11 line:681 (Interpreted frame)
----------------- 46631 -----------------
0x000000318b2080ad	pthread_join + 0x10d
