 |-- gradeID: long (nullable = false)===============
 |-- classID: long (nullable = false)
 |-- studentID: long (nullable = false)
 |-- score: integer (nullable = false)inished job streaming job 1537798560000 ms.0 from job set of time 1537798560000 ms
 |-- timestamp: timestamp (nullable = true)delay: 1.839 s for time 1537798560000 ms (execution: 1.813 s)




|gradeID|classID|studentID|score|          timestamp|
|      2|      2|     1001|    3|2018-08-11 20:44:56|
|      2|      3|     8003|   37|2018-08-12 23:10:20|
|      2|      1|     3422|   46|2018-08-18 15:45:46|
|      2|      2|     4752|    0|2018-08-28 15:16:56|
|      2|      1|     5883|   43|2018-08-14 21:16:24|
|      2|      2|     1481|    9|2018-08-19 23:17:39|
|      2|      2|     2742|   62|2018-08-20 14:49:49|
|      2|      1|     6444|   58|2018-08-22 19:36:34|
|      2|      2|     8152|   67|2018-08-12 20:45:19|
|      2|      3|     9183|   17|2018-08-22 13:28:59|
|      2|      2|     8020|   29|2018-08-11 12:20:21|
|      2|      2|     8878|   29|2018-08-24 13:36:58|
|      2|      3|     9300|    8|2018-08-20 21:27:33|
|      2|      1|     5834|   14|2018-08-27 21:36:58|
|      2|      2|     4863|   45|2018-08-23 22:49:10|
|      2|      1|     1085|   90|2018-08-15 23:38:16|
|      2|      1|     5168|   57|2018-08-31 14:46:26|
|      2|      3|     1464|   70|2018-08-29 15:15:25|
|      2|      1|     4282|   39|2018-08-23 21:40:53|
|      2|      2|     1787|   89|2018-08-15 16:10:43|
|      2|      3|     7377|   54|2018-08-22 10:39:19|
|      2|      2|     7422|   32|2018-08-14 20:39:34|
|      2|      3|     3580|   98|2018-08-28 14:33:43|
|      2|      2|     3061|   49|2018-08-12 15:44:40|
|      2|      3|     5285|   52|2018-08-27 13:18:38|
|      2|      2|     1858|   92|2018-08-29 14:26:42|
|      2|      3|     8781|   64|2018-08-20 16:41:33|
|      2|      3|     9066|   13|2018-08-31 18:18:14|
|      2|      1|     5401|   87|2018-08-16 11:10:43|
|      2|      2|     9708|   75|2018-08-22 11:30:11|
|      2|      3|     8305|   30|2018-08-29 14:13:58|
|      2|      2|     8012|   58|2018-08-20 16:57:13|
|      2|      2|     8553|   85|2018-08-24 17:11:54|
|      2|      1|     5783|    5|2018-08-15 19:18:23|
|      2|      3|     7362|   28|2018-08-12 19:25:15|
|      2|      2|     3885|   61|2018-08-18 12:45:31|
|      2|      3|     5481|   98|2018-08-25 10:46:14|
|      2|      3|     1002|   89|2018-08-22 14:46:31|
|      2|      1|     3858|   90|2018-08-31 21:31:53|
|      2|      1|     2836|   85|2018-08-31 19:28:52|
|      2|      1|     2186|   12|2018-08-10 19:33:19|
|      2|      3|     8447|   92|2018-08-29 12:21:47|
|      2|      2|     6862|   30|2018-08-11 22:24:57|
|      2|      3|     8826|   44|2018-08-17 20:20:16|
|      2|      1|     8478|   78|2018-08-20 22:42:28|
|      2|      1|     2208|   31|2018-08-20 14:19:40|
|      2|      1|     6152|    0|2018-08-22 18:25:31|
|      2|      1|     3658|    2|2018-08-27 15:53:18|
|      2|      3|     7066|   17|2018-08-19 15:34:55|
|      2|      2|     5842|   78|2018-08-21 19:59:41|
|      2|      3|     9304|   53|2018-08-21 20:50:43|
|      2|      2|     2352|   79|2018-08-12 00:14:19|
|      2|      3|     9476|   47|2018-08-21 14:14:39|
|      2|      3|     7740|   68|2018-08-23 19:44:42|
|      2|      1|     7250|   11|2018-08-23 15:26:32|
|      2|      2|     5645|   33|2018-08-29 15:39:42|
|      2|      3|     1424|   51|2018-08-24 19:10:39|
|      2|      1|     8020|    9|2018-08-21 20:57:27|
|      2|      2|     5474|   61|2018-08-30 12:13:57|
|      2|      3|     5671|   62|2018-08-10 17:45:58|
|      2|      3|     5841|   51|2018-08-11 22:46:20|
|      2|      1|     7332|    8|2018-08-16 11:33:46|
|      2|      2|     7208|   63|2018-08-20 23:47:54|
|      2|      2|     1527|   87|2018-08-23 23:26:43|
|      2|      1|     9018|   24|2018-08-11 14:17:25|
|      2|      2|     2153|   83|2018-08-21 18:56:26|
|      2|      1|     9135|    4|2018-08-26 22:16:47|
|      2|      2|     4127|    6|2018-08-18 21:57:43|
|      2|      2|     9024|   27|2018-08-14 20:27:54|
|      2|      3|     6134|   76|2018-08-11 11:50:35|
|      2|      2|     1081|   37|2018-08-24 16:36:37|
|      2|      3|     1121|   27|2018-08-22 13:10:15|
|      2|      2|     4384|   68|2018-08-13 00:58:11|
|      2|      2|     2832|   67|2018-08-29 10:56:16|
|      2|      2|     6372|   18|2018-08-28 19:28:28|
|      2|      3|     7441|   88|2018-08-21 19:51:48|
|      2|      2|     6607|   96|2018-08-13 19:11:10|
|      2|      1|     8020|   69|2018-08-26 14:10:33|
|      2|      3|     6584|   14|2018-08-25 20:19:18|



|gradeID|classID|studentID|score|          timestamp|ranking|
|      2|      3|     9066|   13|2018-08-31 18:18:14|      1|
|      2|      3|     1464|   70|2018-08-29 15:15:25|      2|
|      2|      2|     5474|   61|2018-08-30 12:13:57|      1|
|      2|      2|     5645|   33|2018-08-29 15:39:42|      2|
|      2|      1|     3858|   90|2018-08-31 21:31:53|      1|
|      2|      1|     2836|   85|2018-08-31 19:28:52|      2|




 |-- gradeID: long (nullable = false)
 |-- classID: long (nullable = false)
 |-- studentID: long (nullable = false)
 |-- score: integer (nullable = false)
 |-- timestamp: timestamp (nullable = true)

|gradeID|classID|studentID|score|          timestamp|
|      2|      3|     8561|   32|2018-08-23 20:46:42|
|      2|      3|     2368|   69|2018-08-13 11:47:44|
|      2|      2|     2056|   40|2018-08-27 21:55:30|
|      2|      1|     9073|   93|2018-08-23 10:38:16|
|      2|      1|     6707|   67|2018-08-12 15:44:58|
|      2|      3|     8501|   41|2018-08-29 22:17:52|
|      2|      3|     3472|   25|2018-08-20 21:17:40|
|      2|      1|     6200|   13|2018-08-26 23:33:21|
|      2|      1|     5603|   59|2018-08-30 13:53:18|
|      2|      3|     8602|   82|2018-08-25 16:18:55|
|      2|      3|     6744|    2|2018-08-21 11:26:53|
|      2|      2|     3372|   84|2018-08-27 23:57:15|
|      2|      3|     6830|   99|2018-08-18 21:37:38|
|      2|      2|     6421|   56|2018-08-24 15:36:36|
|      2|      1|     6575|   42|2018-08-13 12:54:38|
|      2|      2|     3137|   45|2018-08-31 20:49:23|
|      2|      2|     2300|   81|2018-08-13 23:34:18|
|      2|      2|     9151|   77|2018-08-15 15:58:39|
|      2|      3|     4287|   70|2018-08-22 12:45:15|
|      2|      1|     2632|   26|2018-08-10 19:38:17|
|      2|      3|     8568|   76|2018-08-17 19:15:55|
|      2|      1|     9688|   77|2018-08-19 12:12:24|
|      2|      1|     8308|   25|2018-08-17 13:50:46|
|      2|      3|     9346|   80|2018-08-24 13:43:41|
|      2|      2|     3401|   40|2018-08-15 14:35:26|
|      2|      2|     1634|   20|2018-08-28 12:55:28|
|      2|      3|     6456|   41|2018-08-14 23:11:33|
|      2|      3|     8668|   93|2018-08-13 11:32:35|
|      2|      3|     4522|   61|2018-08-14 23:41:53|
|      2|      3|     9322|   10|2018-08-20 10:14:24|
|      2|      1|     7643|   73|2018-08-26 10:37:40|
|      2|      3|     6154|   19|2018-08-16 18:27:44|
|      2|      3|     1370|   67|2018-08-23 17:38:17|
|      2|      1|     3158|   49|2018-08-23 15:19:14|
|      2|      1|     4513|   24|2018-08-23 14:13:18|
|      2|      2|     3420|   69|2018-08-23 23:50:15|
|      2|      2|     5843|   12|2018-08-30 18:51:36|
|      2|      1|     4308|   25|2018-08-14 16:44:33|
|      2|      2|     4875|   84|2018-08-24 11:41:41|
|      2|      2|     2406|   71|2018-08-17 17:59:48|
|      2|      1|     5437|   91|2018-08-18 16:47:13|
|      2|      2|     2116|   26|2018-08-22 19:54:17|
|      2|      2|     6371|    9|2018-08-28 21:49:36|
|      2|      3|     6556|   43|2018-08-25 16:11:13|
|      2|      2|     9105|   78|2018-08-14 23:20:53|
|      2|      3|     6375|   34|2018-08-28 11:51:41|
|      2|      3|     9158|   26|2018-08-13 15:17:43|
|      2|      3|     6357|   39|2018-08-29 13:25:47|
|      2|      1|     6570|   59|2018-08-10 10:21:31|
|      2|      2|     4281|   10|2018-08-17 22:56:15|
|      2|      3|     1066|   64|2018-08-28 22:22:36|
|      2|      1|     5583|   23|2018-08-26 21:45:27|
|      2|      1|     8353|   38|2018-08-28 22:14:28|
|      2|      3|     3378|    2|2018-08-22 14:17:35|
|      2|      2|     5818|   57|2018-08-16 11:22:15|
|      2|      2|     1026|    4|2018-08-13 23:48:21|
|      2|      3|     4280|   14|2018-08-27 16:50:53|
|      2|      1|     5067|   42|2018-08-16 10:33:16|
|      2|      1|     8666|   90|2018-08-22 15:46:29|
|      2|      3|     9517|   62|2018-08-25 16:51:46|
|      2|      3|     6678|   84|2018-08-23 18:16:41|
|      2|      2|     3482|   94|2018-08-17 23:28:25|
|      2|      3|     4285|   39|2018-08-17 19:52:10|
|      2|      3|     7781|   21|2018-08-30 23:48:38|
|      2|      1|     6625|   55|2018-08-29 10:28:43|
|      2|      3|     5533|    1|2018-08-12 15:29:42|
|      2|      3|     2026|   80|2018-08-29 20:49:31|
|      2|      2|     3627|   21|2018-08-14 19:23:52|
|      2|      3|     8708|   68|2018-08-28 14:13:55|
|      2|      2|     6563|    8|2018-08-21 12:28:40|
|      2|      3|     2522|    7|2018-08-23 15:41:13|
|      2|      3|     9563|   93|2018-08-10 21:13:17|
|      2|      2|     8522|   39|2018-08-13 23:10:50|
|      2|      2|     1453|   79|2018-08-30 20:36:16|
|      2|      2|     4006|   10|2018-08-24 12:45:58|
|      2|      1|     9035|   98|2018-08-27 18:50:23|
|      2|      1|     5086|   81|2018-08-29 15:39:43|
|      2|      3|     2551|   91|2018-08-22 19:19:35|
|      2|      2|     1332|   70|2018-08-18 18:54:35|
|      2|      3|     2385|   16|2018-08-15 19:26:12|
|      2|      1|     7284|   35|2018-08-17 11:51:15|
|      2|      2|     2332|   33|2018-08-20 16:28:38|
|      2|      2|     6336|   55|2018-08-13 21:36:13|
|      2|      2|     9041|   59|2018-08-30 12:59:23|
|      2|      1|     8828|   70|2018-08-26 19:38:23|
|      2|      1|     8867|    6|2018-08-29 15:24:11|
|      2|      1|     3020|    0|2018-08-20 11:41:14|
|      2|      2|     4335|   21|2018-08-11 13:24:27|
|      2|      1|     7212|   36|2018-08-29 20:12:44|
|      2|      1|     2386|   80|2018-08-30 13:33:44|
|      2|      2|     2150|   19|2018-08-26 21:17:19|
|      2|      2|     9773|    1|2018-08-13 16:23:16|
|      2|      1|     1057|   19|2018-08-23 11:45:32|
|      2|      2|     9365|   13|2018-08-22 10:12:26|
|      2|      3|     6038|   74|2018-08-29 14:30:14|
|      2|      3|     3085|   13|2018-08-15 17:11:36|
|      2|      2|     2342|   65|2018-08-23 13:26:16|
|      2|      3|     9421|   54|2018-08-25 20:17:33|
|      2|      2|     4810|   79|2018-08-23 17:55:31|
|      2|      2|     3375|   10|2018-08-21 12:20:58|
|      2|      3|     7362|   11|2018-08-25 15:21:37|
|      2|      1|     5478|   17|2018-08-24 12:13:44|
|      2|      3|     2033|   51|2018-08-28 13:17:13|
|      2|      3|     5414|   18|2018-08-31 16:47:22|
|      2|      1|     4033|   49|2018-08-19 21:13:26|
|      2|      1|     5571|   61|2018-08-24 15:39:25|
|      2|      2|     9271|   26|2018-08-14 17:19:56|
|      2|      2|     7814|   51|2018-08-14 20:17:43|
|      2|      2|     4621|   48|2018-08-19 21:45:54|
|      2|      3|     1281|   50|2018-08-16 17:28:23|
|      2|      2|     7855|   45|2018-08-15 10:44:25|
|      2|      2|     4053|   73|2018-08-30 11:37:47|
|      2|      3|     3801|    4|2018-08-15 15:31:31|
|      2|      3|     5682|   65|2018-08-25 17:38:45|
|      2|      1|     9613|   61|2018-08-11 18:16:28|
|      2|      1|     4788|   31|2018-08-12 22:34:45|
|      2|      3|     3544|   57|2018-08-11 19:58:38|
|      2|      2|     9783|   31|2018-08-19 20:34:26|
|      2|      3|     2340|   88|2018-08-21 13:41:23|
|      2|      1|     2625|    9|2018-08-24 19:15:57|
|      2|      3|     1841|   39|2018-08-12 13:18:43|
|      2|      1|     6020|   72|2018-08-23 21:44:58|
|      2|      2|     5482|   91|2018-08-20 11:54:47|
|      2|      1|     2184|   55|2018-08-22 10:47:14|
|      2|      3|     4586|   96|2018-08-24 14:30:54|
|      2|      1|     7248|   87|2018-08-22 21:14:56|
|      2|      2|     5122|   58|2018-08-30 20:53:48|
|      2|      1|     4475|   19|2018-08-24 19:52:57|
|      2|      2|     5630|   50|2018-08-29 21:18:31|
|      2|      2|     1680|   43|2018-08-21 23:46:54|
|      2|      2|     6670|   48|2018-08-17 19:30:56|
|      2|      3|     6276|   13|2018-08-13 17:33:43|
|      2|      3|     2602|   48|2018-08-23 21:26:40|
|      2|      3|     7076|   55|2018-08-11 00:37:16|
|      2|      1|     2004|    6|2018-08-23 23:47:50|
|      2|      2|     1077|    6|2018-08-17 22:45:15|
|      2|      2|     4125|   70|2018-08-30 13:28:19|
|      2|      3|     2842|   18|2018-08-15 14:43:55|
|      2|      2|     5208|   71|2018-08-27 20:38:11|
|      2|      3|     5571|   30|2018-08-21 23:53:14|
|      2|      1|     8355|   21|2018-08-11 12:31:54|
|      2|      1|     8305|   66|2018-08-21 14:40:23|
|      2|      3|     3874|    9|2018-08-25 23:26:16|
|      2|      3|     6533|   36|2018-08-12 21:17:23|
|      2|      2|     7344|   77|2018-08-17 21:54:12|
|      2|      1|     5038|   27|2018-08-28 23:32:19|
|      2|      1|     2222|   87|2018-08-13 10:37:44|
|      2|      2|     5576|   36|2018-08-10 19:33:45|
|      2|      3|     4184|   18|2018-08-11 14:51:20|
|      2|      2|     5103|   94|2018-08-21 14:11:17|
|      2|      3|     7666|   82|2018-08-10 22:54:46|
|      2|      2|     5754|   56|2018-08-23 15:18:21|
|      2|      2|     2612|    0|2018-08-15 17:59:33|
|      2|      2|     3561|   35|2018-08-18 22:16:35|
|      2|      2|     2381|   72|2018-08-21 22:10:37|
|      2|      3|     8267|   80|2018-08-25 15:46:35|
|      2|      3|     8625|   72|2018-08-11 16:34:53|
|      2|      3|     3760|   95|2018-08-14 12:54:32|
|      2|      1|     6335|    4|2018-08-11 16:26:43|
|      2|      3|     5416|   88|2018-08-26 15:15:44|
|      2|      2|     9727|   22|2018-08-27 11:41:39|
|      2|      1|     5876|   56|2018-08-12 13:14:29|
|      2|      1|     5027|   43|2018-08-23 11:12:13|
|      2|      2|     6283|   85|2018-08-18 19:16:35|
|      2|      3|     1500|   48|2018-08-17 11:46:58|
|      2|      2|     3550|    7|2018-08-12 16:22:30|
|      2|      1|     1272|   79|2018-08-23 23:55:31|
|      2|      3|     1285|   17|2018-08-19 20:48:39|
|      2|      1|     8836|   89|2018-08-22 15:49:17|
|      2|      1|     5782|   35|2018-08-20 15:58:49|
|      2|      3|     5721|   45|2018-08-20 10:38:56|
|      2|      1|     8131|   33|2018-08-21 20:13:48|
|      2|      3|     8038|    5|2018-08-30 21:15:11|
|      2|      3|     4417|   31|2018-08-24 15:49:43|
|      2|      3|     5286|   11|2018-08-26 20:52:14|
|      2|      2|     4263|   37|2018-08-25 13:53:14|
|      2|      2|     1733|   92|2018-08-13 16:31:39|
|      2|      2|     7772|   87|2018-08-17 17:49:26|
|      2|      1|     3542|   19|2018-08-28 16:14:42|
|      2|      2|     2102|   65|2018-08-19 18:11:40|
|      2|      3|     8756|   82|2018-08-19 15:30:28|
|      2|      3|     3125|   10|2018-08-27 22:58:49|
|      2|      1|     7053|   89|2018-08-27 13:28:30|
|      2|      2|     8733|   67|2018-08-29 21:46:18|
|      2|      3|     9168|   42|2018-08-22 16:26:23|
|      2|      1|     1002|   44|2018-08-27 16:36:28|


|gradeID|classID|studentID|score|          timestamp|ranking|
|      2|      3|     5414|   18|2018-08-31 16:47:22|      1|
|      2|      3|     7781|   21|2018-08-30 23:48:38|      2|
|      2|      2|     3137|   45|2018-08-31 20:49:23|      1|
|      2|      2|     5122|   58|2018-08-30 20:53:48|      2|
|      2|      1|     5603|   59|2018-08-30 13:53:18|      1|
|      2|      1|     2386|   80|2018-08-30 13:33:44|      2|




 |-- gradeID: long (nullable = false)
 |-- classID: long (nullable = false)
 |-- studentID: long (nullable = false)
 |-- score: integer (nullable = false)
 |-- timestamp: timestamp (nullable = true)



|gradeID|classID|studentID|score|          timestamp|
|      2|      3|     2141|   94|2018-08-21 14:50:49|
|      2|      3|     7624|   98|2018-08-16 13:35:47|
|      2|      3|     7314|   35|2018-08-12 17:13:19|
|      2|      3|     3640|    2|2018-08-31 13:14:52|
|      2|      3|     2832|   72|2018-08-24 13:49:17|
|      2|      3|     7272|   34|2018-08-31 00:29:19|
|      2|      1|     3072|   74|2018-08-14 21:47:27|
|      2|      1|     2875|    0|2018-08-25 18:27:57|
|      2|      2|     7063|   94|2018-08-23 14:21:15|
|      2|      3|     1333|   82|2018-08-13 13:58:35|
|      2|      2|     8467|   47|2018-08-10 11:49:51|
|      2|      3|     3373|   57|2018-08-23 19:56:22|
|      2|      2|     9671|   97|2018-08-22 16:59:44|
|      2|      1|     7433|   99|2018-08-15 21:54:33|
|      2|      2|     5236|   83|2018-08-20 11:48:48|
|      2|      2|     4075|   18|2018-08-31 20:23:30|
|      2|      2|     8883|   29|2018-08-25 17:44:24|
|      2|      1|     1481|   51|2018-08-26 13:42:11|
|      2|      1|     4054|   36|2018-08-29 13:31:13|
|      2|      1|     8826|   22|2018-08-23 17:34:18|
|      2|      2|     3306|   58|2018-08-11 15:25:27|
|      2|      1|     2260|   23|2018-08-12 20:41:42|
|      2|      1|     3032|   42|2018-08-13 19:18:31|
|      2|      1|     5554|   68|2018-08-17 16:54:36|
|      2|      1|     1146|   54|2018-08-13 17:29:37|
|      2|      1|     2273|    5|2018-08-31 19:37:51|
|      2|      2|     9251|    4|2018-08-16 17:36:45|
|      2|      3|     6351|   20|2018-08-30 13:57:12|
|      2|      1|     9681|   61|2018-08-15 14:47:47|
|      2|      1|     2332|    6|2018-08-25 17:15:14|
|      2|      2|     2013|   82|2018-08-15 19:28:46|
|      2|      3|     2347|    3|2018-08-23 11:47:59|
|      2|      3|     4065|   44|2018-08-18 16:55:29|
|      2|      2|     1642|   88|2018-08-15 16:56:51|
|      2|      1|     1650|   23|2018-08-22 00:14:15|
|      2|      2|     4781|   77|2018-08-21 15:14:23|
|      2|      1|     5187|   54|2018-08-17 16:10:48|
|      2|      2|     5123|   83|2018-08-13 19:29:21|
|      2|      3|     3261|   65|2018-08-26 11:13:35|
|      2|      1|     6081|   15|2018-08-23 23:55:56|
|      2|      3|     5344|    0|2018-08-16 00:18:44|
|      2|      2|     6306|   99|2018-08-29 17:54:15|
|      2|      3|     1551|    3|2018-08-29 17:39:37|
|      2|      1|     4518|   46|2018-08-23 19:29:16|
|      2|      1|     9753|   22|2018-08-21 11:32:38|
|      2|      3|     7142|   72|2018-08-14 19:55:54|
|      2|      2|     4450|   17|2018-08-21 22:25:10|
|      2|      2|     9872|   97|2018-08-28 22:28:57|
|      2|      2|     9564|    0|2018-08-18 15:56:55|
|      2|      3|     2374|    6|2018-08-22 19:46:35|
|      2|      1|     6470|   65|2018-08-24 11:43:58|
|      2|      2|     6045|   21|2018-08-30 14:30:12|
|      2|      1|     2544|   47|2018-08-20 22:18:40|
|      2|      2|     5453|   25|2018-08-29 23:36:45|
|      2|      2|     8406|   62|2018-08-14 23:30:34|
|      2|      3|     8715|   20|2018-08-25 00:30:39|
|      2|      3|     5221|   38|2018-08-29 11:11:35|
|      2|      2|     3286|   68|2018-08-29 20:33:56|
|      2|      2|     5644|   15|2018-08-22 11:25:21|
|      2|      3|     9272|   94|2018-08-17 19:33:29|
|      2|      1|     8406|    2|2018-08-30 20:44:33|
|      2|      2|     3881|   62|2018-08-18 20:10:56|
|      2|      1|     5660|   74|2018-08-16 20:14:47|
|      2|      2|     2642|   58|2018-08-21 18:53:16|
|      2|      2|     1067|   34|2018-08-18 18:47:18|
|      2|      1|     7070|   42|2018-08-13 11:11:14|
|      2|      2|     7278|   83|2018-08-18 12:15:21|
|      2|      3|     3725|   15|2018-08-21 16:25:45|
|      2|      1|     4054|   38|2018-08-23 20:34:32|
|      2|      3|     4377|   37|2018-08-12 18:27:50|
|      2|      3|     4254|   30|2018-08-21 14:58:49|
|      2|      3|     2645|   73|2018-08-20 17:29:22|
|      2|      2|     8276|    3|2018-08-24 20:21:23|
|      2|      1|     7433|   35|2018-08-20 17:24:34|
|      2|      3|     3658|   15|2018-08-15 16:32:31|
|      2|      3|     7127|   72|2018-08-29 20:57:35|
|      2|      2|     3663|   58|2018-08-27 17:43:29|
|      2|      1|     6287|   70|2018-08-24 18:33:47|
|      2|      1|     7414|   91|2018-08-18 22:18:27|
|      2|      2|     8712|   60|2018-08-27 22:34:22|
|      2|      2|     2207|   42|2018-08-12 16:10:47|
|      2|      3|     3683|   12|2018-08-28 14:17:36|
|      2|      3|     2678|   33|2018-08-24 11:26:47|
|      2|      2|     4745|   51|2018-08-29 19:49:57|
|      2|      2|     9275|   53|2018-08-18 14:27:50|
|      2|      3|     4865|   41|2018-08-16 11:31:21|
|      2|      3|     3380|   77|2018-08-23 11:38:49|
|      2|      3|     2133|   97|2018-08-22 13:18:49|
|      2|      3|     9372|   11|2018-08-24 16:36:13|
|      2|      3|     4733|   65|2018-08-29 22:56:55|
|      2|      2|     7087|   22|2018-08-29 14:27:49|
|      2|      3|     6834|   91|2018-08-20 12:40:51|
|      2|      2|     7758|   20|2018-08-11 14:25:49|
|      2|      1|     4572|   81|2018-08-12 12:38:36|
|      2|      3|     7455|   87|2018-08-26 16:28:20|
|      2|      1|     9556|   87|2018-08-21 23:56:48|
|      2|      1|     5764|   59|2018-08-29 23:30:54|
|      2|      1|     3005|   33|2018-08-12 15:25:41|
|      2|      2|     8277|   24|2018-08-20 14:30:17|
|      2|      3|     8761|   53|2018-08-14 13:15:48|
|      2|      1|     5124|   98|2018-08-28 18:11:47|
|      2|      3|     6517|   91|2018-08-15 12:27:32|
|      2|      3|     2354|   69|2018-08-14 15:50:14|
|      2|      1|     7454|   39|2018-08-23 19:53:14|
|      2|      2|     8370|   44|2018-08-28 12:38:42|
|      2|      2|     5455|   13|2018-08-18 12:32:36|
|      2|      3|     6542|   92|2018-08-16 13:49:57|
|      2|      2|     2354|   22|2018-08-27 17:53:35|
|      2|      1|     2842|   39|2018-08-20 18:49:37|
|      2|      2|     2484|    4|2018-08-23 19:52:18|
|      2|      2|     1411|   21|2018-08-20 20:55:44|
|      2|      2|     5385|   98|2018-08-20 21:54:48|
|      2|      3|     4378|   88|2018-08-20 16:11:20|
|      2|      2|     9836|   66|2018-08-25 13:13:49|
|      2|      1|     5564|   98|2018-08-20 18:52:41|
|      2|      1|     8181|   54|2018-08-23 11:52:57|
|      2|      2|     2688|   82|2018-08-12 15:57:16|
|      2|      2|     8131|   87|2018-08-26 11:10:48|
|      2|      3|     5712|   82|2018-08-25 23:32:57|
|      2|      3|     7263|   86|2018-08-11 11:37:51|
|      2|      2|     7857|   21|2018-08-19 13:13:55|
|      2|      1|     9538|   34|2018-08-25 16:35:25|
|      2|      3|     2568|   72|2018-08-21 14:47:53|
|      2|      1|     1187|   78|2018-08-13 17:25:17|
|      2|      2|     1814|   19|2018-08-25 16:21:21|
|      2|      3|     6571|   25|2018-08-23 14:43:47|
|      2|      1|     9232|   28|2018-08-16 15:35:18|
|      2|      1|     2433|   13|2018-08-21 22:48:32|
|      2|      2|     1751|   61|2018-08-19 18:35:19|
|      2|      3|     6105|   81|2018-08-18 20:17:36|
|      2|      2|     3243|   53|2018-08-20 22:29:24|
|      2|      1|     1080|   34|2018-08-16 21:24:24|
|      2|      2|     5853|   65|2018-08-29 22:24:58|
|      2|      2|     2267|   70|2018-08-19 19:25:32|
|      2|      1|     9038|   30|2018-08-29 12:47:36|
|      2|      1|     4217|   87|2018-08-29 15:44:43|
|      2|      1|     5418|   62|2018-08-19 21:36:41|
|      2|      3|     9083|   45|2018-08-27 10:20:48|
|      2|      2|     7327|   55|2018-08-29 17:48:30|
|      2|      3|     7150|   95|2018-08-24 19:14:22|
|      2|      1|     8251|   29|2018-08-31 16:54:16|
|      2|      3|     4636|   78|2018-08-11 20:41:37|
|      2|      1|     4147|   27|2018-08-13 18:51:40|
|      2|      1|     8535|   10|2018-08-14 19:47:48|
|      2|      1|     5840|   58|2018-08-14 17:24:24|
|      2|      3|     8220|   13|2018-08-24 18:35:40|
|      2|      2|     7651|   29|2018-08-20 21:23:36|
|      2|      3|     5266|   63|2018-08-25 23:46:36|
|      2|      2|     5884|    1|2018-08-19 18:56:36|
|      2|      1|     8124|   96|2018-08-15 20:18:24|
|      2|      2|     8876|    8|2018-08-18 12:28:16|
|      2|      3|     4168|   82|2018-08-15 15:51:45|
|      2|      1|     4518|    2|2018-08-29 12:39:36|
|      2|      2|     5887|   72|2018-08-15 13:55:13|
|      2|      1|     1462|   79|2018-08-19 23:48:40|
|      2|      2|     5687|   25|2018-08-23 00:17:37|
|      2|      1|     1556|   98|2018-08-15 14:47:38|
|      2|      3|     4563|   32|2018-08-20 21:40:42|
|      2|      2|     6036|   38|2018-08-18 19:52:18|
|      2|      3|     1708|   51|2018-08-25 10:45:55|
|      2|      1|     6108|    0|2018-08-22 15:19:29|
|      2|      1|     6877|   16|2018-08-22 17:50:44|
|      2|      3|     7108|   73|2018-08-22 20:31:57|
|      2|      1|     3771|   25|2018-08-27 10:42:47|
|      2|      3|     7766|   46|2018-08-24 15:40:39|
|      2|      1|     3057|   10|2018-08-20 15:49:27|
|      2|      2|     1461|   25|2018-08-12 11:43:43|
|      2|      3|     8127|    8|2018-08-22 15:34:35|
|      2|      3|     8775|   90|2018-08-20 20:31:31|
|      2|      2|     6030|   13|2018-08-11 22:19:40|
|      2|      3|     3138|   21|2018-08-18 12:39:43|
|      2|      3|     3053|   15|2018-08-11 15:16:47|
|      2|      2|     3358|   20|2018-08-24 15:59:52|
|      2|      2|     9258|    8|2018-08-18 18:16:46|
|      2|      1|     3604|   30|2018-08-12 16:27:44|
|      2|      2|     3642|    7|2018-08-26 20:46:51|
|      2|      1|     8554|   43|2018-08-14 11:38:15|
|      2|      2|     1335|   78|2018-08-28 16:42:18|
|      2|      3|     2656|   26|2018-08-18 00:37:48|
|      2|      2|     5473|   16|2018-08-22 21:28:24|
|      2|      2|     7205|   69|2018-08-28 17:28:22|
|      2|      2|     8312|   42|2018-08-22 14:12:10|
|      2|      1|     2263|   23|2018-08-16 18:19:20|
|      2|      2|     6664|   13|2018-08-16 11:42:38|
|      2|      1|     5836|   62|2018-08-26 18:16:57|
|      2|      2|     5416|   99|2018-08-13 20:45:42|
|      2|      1|     2831|   66|2018-08-30 18:47:53|
|      2|      2|     1270|   78|2018-08-11 19:33:47|


|gradeID|classID|studentID|score|          timestamp|ranking|
|      2|      3|     3640|    2|2018-08-31 13:14:52|      1|
|      2|      3|     7272|   34|2018-08-31 00:29:19|      2|
|      2|      2|     4075|   18|2018-08-31 20:23:30|      1|
|      2|      2|     6045|   21|2018-08-30 14:30:12|      2|
|      2|      1|     2273|    5|2018-08-31 19:37:51|      1|
|      2|      1|     8251|   29|2018-08-31 16:54:16|      2|


 |-- gradeID: long (nullable = false)
 |-- classID: long (nullable = false)
 |-- studentID: long (nullable = false)
 |-- score: integer (nullable = false)
 |-- timestamp: timestamp (nullable = true)


|gradeID|classID|studentID|score|          timestamp|
|      2|      1|     5463|   60|2018-08-12 23:43:44|
|      2|      3|     4585|   29|2018-08-19 13:19:21|
|      2|      3|     7376|   81|2018-08-20 00:27:28|
|      2|      2|     6505|    6|2018-08-15 20:39:28|
|      2|      1|     9035|   53|2018-08-17 19:32:24|
|      2|      2|     9036|   90|2018-08-21 10:23:30|
|      2|      2|     7357|   65|2018-08-20 16:51:32|
|      2|      2|     5173|   37|2018-08-26 22:15:16|
|      2|      1|     4105|   92|2018-08-30 18:37:42|
|      2|      1|     7128|   82|2018-08-17 19:14:54|
|      2|      2|     7645|   72|2018-08-18 20:59:31|
|      2|      1|     8213|   83|2018-08-18 21:31:52|
|      2|      1|     8652|   48|2018-08-28 14:20:34|
|      2|      2|     1887|   69|2018-08-20 18:46:56|
|      2|      2|     5653|   19|2018-08-15 22:24:53|
|      2|      3|     8457|   50|2018-08-12 23:24:15|
|      2|      3|     8475|   58|2018-08-20 16:58:10|
|      2|      3|     8285|    5|2018-08-27 17:20:51|
|      2|      2|     1212|   80|2018-08-13 19:59:29|
|      2|      1|     6546|   67|2018-08-15 23:52:52|
|      2|      3|     2163|   89|2018-08-26 15:14:24|
|      2|      3|     5086|   66|2018-08-26 21:28:37|
|      2|      1|     1541|    5|2018-08-14 19:24:54|
|      2|      2|     5202|   84|2018-08-27 12:14:31|
|      2|      2|     2175|   97|2018-08-20 21:34:34|
|      2|      3|     3024|   53|2018-08-20 23:12:46|
|      2|      3|     4181|   91|2018-08-26 13:53:22|
|      2|      1|     5030|   11|2018-08-10 22:18:34|
|      2|      3|     2228|   84|2018-08-29 16:38:26|
|      2|      1|     7812|   96|2018-08-18 20:51:24|
|      2|      2|     6811|   68|2018-08-20 17:44:42|
|      2|      2|     7558|   28|2018-08-17 17:33:50|
|      2|      3|     8402|    9|2018-08-12 18:51:46|
|      2|      1|     4748|    7|2018-08-19 19:15:48|
|      2|      3|     4861|   59|2018-08-24 17:57:52|
|      2|      1|     7421|   28|2018-08-19 12:12:30|
|      2|      2|     4742|   10|2018-08-27 15:15:49|
|      2|      1|     9561|   69|2018-08-22 16:15:52|
|      2|      1|     3084|   11|2018-08-19 11:28:10|
|      2|      3|     5376|    4|2018-08-20 14:36:51|
|      2|      1|     6412|   56|2018-08-18 00:43:25|
|      2|      3|     7082|   51|2018-08-19 11:24:35|
|      2|      3|     5430|   24|2018-08-19 19:51:45|
|      2|      1|     9177|    9|2018-08-14 15:12:28|
|      2|      3|     9172|   27|2018-08-25 11:28:12|
|      2|      1|     3543|   38|2018-08-22 18:24:36|
|      2|      2|     2021|   48|2018-08-13 19:22:43|
|      2|      1|     8373|   40|2018-08-14 13:11:54|
|      2|      2|     9381|   16|2018-08-16 20:56:28|
|      2|      3|     5275|   27|2018-08-20 21:52:53|
|      2|      2|     2300|   20|2018-08-17 12:34:30|
|      2|      3|     5647|   62|2018-08-17 12:31:18|
|      2|      1|     7672|   23|2018-08-28 16:32:24|
|      2|      2|     5724|   91|2018-08-13 23:21:49|
|      2|      3|     3054|   21|2018-08-16 12:18:39|
|      2|      3|     8888|   64|2018-08-12 20:58:20|
|      2|      2|     8708|   25|2018-08-26 23:42:30|
|      2|      2|     3518|   61|2018-08-19 19:32:49|
|      2|      1|     1440|   76|2018-08-16 15:31:24|
|      2|      3|     7571|    4|2018-08-13 16:42:57|
|      2|      2|     1464|   83|2018-08-23 20:31:49|
|      2|      2|     9258|   31|2018-08-26 22:33:12|
|      2|      2|     5718|   58|2018-08-26 13:58:56|
|      2|      2|     3315|   83|2018-08-19 18:43:56|
|      2|      1|     4252|   82|2018-08-16 23:46:39|
|      2|      3|     6202|   88|2018-08-21 18:58:56|
|      2|      1|     1321|   45|2018-08-25 13:26:54|
|      2|      2|     9710|   79|2018-08-19 23:30:35|
|      2|      1|     8251|   72|2018-08-20 19:32:42|
|      2|      3|     1521|   21|2018-08-26 23:30:13|
|      2|      1|     1155|   63|2018-08-11 17:14:20|
|      2|      3|     8042|    0|2018-08-14 18:37:54|
|      2|      3|     5335|   90|2018-08-17 11:53:24|
|      2|      2|     2271|   58|2018-08-16 18:44:49|
|      2|      2|     4150|   10|2018-08-14 17:17:25|
|      2|      3|     5248|   70|2018-08-28 16:27:50|
|      2|      3|     5660|   64|2018-08-18 14:17:23|
|      2|      1|     8870|   44|2018-08-23 16:11:51|
|      2|      3|     9645|   42|2018-08-15 22:42:54|
|      2|      1|     1734|   78|2018-08-31 19:56:47|
|      2|      1|     1114|   84|2018-08-10 16:12:48|
|      2|      2|     4327|   39|2018-08-23 22:53:57|
|      2|      1|     8015|   47|2018-08-21 13:32:14|
|      2|      2|     2726|   63|2018-08-17 22:44:41|
|      2|      1|     2168|   80|2018-08-22 22:13:20|
|      2|      3|     7720|   49|2018-08-26 17:54:52|
|      2|      1|     2775|   92|2018-08-27 18:25:34|
|      2|      2|     9514|   40|2018-08-22 16:59:51|
|      2|      1|     5514|   95|2018-08-23 14:42:11|
|      2|      1|     8216|   27|2018-08-31 16:52:10|
|      2|      2|     8662|    9|2018-08-26 16:27:20|
|      2|      3|     5841|   20|2018-08-20 16:22:39|
|      2|      3|     2881|   45|2018-08-29 20:55:53|
|      2|      1|     7723|   57|2018-08-27 20:12:42|
|      2|      2|     8688|   99|2018-08-24 11:37:48|
|      2|      2|     6533|   83|2018-08-19 15:30:31|
|      2|      3|     5533|   80|2018-08-18 23:35:21|
|      2|      2|     9575|    4|2018-08-19 17:22:39|
|      2|      2|     8188|   71|2018-08-18 10:49:21|
|      2|      3|     4145|    4|2018-08-16 13:43:24|
|      2|      2|     4715|   41|2018-08-26 11:30:55|
|      2|      2|     2142|   84|2018-08-28 15:25:57|
|      2|      1|     5071|   57|2018-08-24 19:43:54|
|      2|      1|     7632|   49|2018-08-12 21:47:47|
|      2|      3|     1488|    1|2018-08-28 18:30:28|
|      2|      3|     6537|   43|2018-08-29 23:42:30|
|      2|      1|     9763|   95|2018-08-27 20:50:17|
|      2|      1|     5555|   19|2018-08-10 15:22:40|
|      2|      2|     5447|   36|2018-08-31 11:43:32|
|      2|      1|     6288|   67|2018-08-22 22:35:47|
|      2|      1|     9458|   28|2018-08-30 12:10:50|
|      2|      2|     4301|    4|2018-08-25 23:58:49|
|      2|      2|     7775|    3|2018-08-30 18:22:54|
|      2|      1|     3150|   22|2018-08-29 22:10:53|
|      2|      1|     8274|   97|2018-08-12 21:54:37|
|      2|      1|     2774|   65|2018-08-22 00:30:29|
|      2|      3|     4054|   96|2018-08-14 20:27:53|
|      2|      3|     8343|   27|2018-08-11 15:54:17|
|      2|      3|     3604|   87|2018-08-21 13:37:44|
|      2|      3|     8404|   41|2018-08-30 12:43:53|
|      2|      3|     4243|   26|2018-08-19 19:25:19|
|      2|      1|     4408|   67|2018-08-16 13:58:35|
|      2|      3|     5743|    3|2018-08-26 14:56:55|
|      2|      1|     7348|   48|2018-08-31 20:55:30|
|      2|      1|     9413|   10|2018-08-20 19:13:47|
|      2|      3|     6010|   33|2018-08-26 12:38:56|
|      2|      2|     6163|   47|2018-08-20 17:57:53|
|      2|      1|     8611|   11|2018-08-12 22:25:35|
|      2|      3|     8168|   67|2018-08-27 19:55:59|
|      2|      3|     4726|    7|2018-08-26 21:35:38|
|      2|      2|     9814|    3|2018-08-23 12:39:18|
|      2|      1|     2152|   57|2018-08-22 23:37:51|
|      2|      1|     9250|   12|2018-08-31 20:14:40|
|      2|      3|     6726|   70|2018-08-26 18:54:26|
|      2|      1|     5162|   65|2018-08-26 16:20:39|
|      2|      1|     3812|   78|2018-08-26 13:55:12|
|      2|      1|     5285|   55|2018-08-17 12:14:28|
|      2|      1|     5751|   28|2018-08-27 16:51:49|
|      2|      2|     3520|   94|2018-08-24 18:58:32|
|      2|      1|     4315|   67|2018-08-28 19:41:45|
|      2|      2|     2088|   28|2018-08-25 19:36:31|
|      2|      3|     5518|   99|2018-08-26 13:18:31|
|      2|      2|     2271|   60|2018-08-29 14:34:46|
|      2|      2|     5066|   71|2018-08-27 17:14:14|
|      2|      2|     3372|   66|2018-08-23 19:29:15|
|      2|      1|     9325|   70|2018-08-28 12:25:19|
|      2|      1|     1852|    4|2018-08-28 13:23:39|
|      2|      2|     3841|   79|2018-08-11 14:39:38|
|      2|      1|     9068|   84|2018-08-10 13:16:31|
|      2|      1|     5677|   80|2018-08-16 19:29:35|
|      2|      3|     6210|   88|2018-08-12 15:31:28|
|      2|      1|     4843|   48|2018-08-26 00:46:45|
|      2|      2|     8478|    7|2018-08-21 12:33:56|
|      2|      3|     4744|   12|2018-08-29 19:56:21|
|      2|      3|     3355|   84|2018-08-24 22:48:29|
|      2|      2|     5234|   17|2018-08-23 16:54:31|
|      2|      2|     3823|   74|2018-08-20 19:39:33|
|      2|      3|     5385|   18|2018-08-20 18:39:39|
|      2|      3|     2584|   56|2018-08-13 18:14:11|
|      2|      2|     5227|   59|2018-08-30 10:52:45|
|      2|      3|     8128|   13|2018-08-19 22:52:31|
|      2|      2|     3435|   63|2018-08-26 16:35:43|
|      2|      2|     5368|   64|2018-08-20 13:30:36|
|      2|      1|     1630|   16|2018-08-29 23:19:18|
|      2|      3|     4801|   47|2018-08-25 20:44:27|
|      2|      3|     4848|   18|2018-08-10 12:46:49|
|      2|      1|     1351|   73|2018-08-14 13:29:12|
|      2|      1|     7330|   64|2018-08-18 12:19:42|
|      2|      1|     6716|   91|2018-08-23 11:45:13|
|      2|      1|     9564|   82|2018-08-26 16:56:51|
|      2|      2|     4504|   67|2018-08-18 21:25:58|
|      2|      1|     6307|   73|2018-08-27 17:14:13|
|      2|      1|     8502|   27|2018-08-10 22:34:49|
|      2|      3|     1680|   30|2018-08-30 20:16:11|
|      2|      1|     1516|   62|2018-08-29 12:33:28|
|      2|      3|     4130|   30|2018-08-28 12:13:32|
|      2|      2|     7213|   69|2018-08-18 13:25:14|
|      2|      2|     5285|   78|2018-08-25 23:21:46|
|      2|      2|     4443|    7|2018-08-29 14:24:26|
|      2|      2|     6033|   69|2018-08-22 18:25:57|
|      2|      2|     5643|   44|2018-08-15 17:35:22|
|      2|      3|     6545|    2|2018-08-13 12:27:39|
|      2|      1|     1434|   85|2018-08-10 15:38:23|
|      2|      1|     6531|   18|2018-08-30 13:18:18|
|      2|      1|     9601|   55|2018-08-25 00:42:35|
|      2|      2|     4675|   29|2018-08-27 22:23:16|
|      2|      1|     9806|   92|2018-08-23 16:46:43|
|      2|      1|     9263|   12|2018-08-11 12:15:56|


|gradeID|classID|studentID|score|          timestamp|ranking|
|      2|      3|     1680|   30|2018-08-30 20:16:11|      1|
|      2|      3|     8404|   41|2018-08-30 12:43:53|      2|
|      2|      2|     5447|   36|2018-08-31 11:43:32|      1|
|      2|      2|     7775|    3|2018-08-30 18:22:54|      2|
|      2|      1|     7348|   48|2018-08-31 20:55:30|      1|
|      2|      1|     9250|   12|2018-08-31 20:14:40|      2|


 |-- gradeID: long (nullable = false)
 |-- classID: long (nullable = false)
 |-- studentID: long (nullable = false)
 |-- score: integer (nullable = false)
 |-- timestamp: timestamp (nullable = true)

|gradeID|classID|studentID|score|          timestamp|
|      2|      2|     7706|   27|2018-08-13 13:22:24|
|      2|      2|     4381|   10|2018-08-22 11:49:10|
|      2|      1|     9212|    2|2018-08-25 14:47:14|
|      2|      3|     9740|   67|2018-08-14 15:31:55|
|      2|      1|     9568|   66|2018-08-12 14:42:43|
|      2|      3|     3542|   37|2018-08-21 18:30:35|
|      2|      3|     7083|   42|2018-08-25 13:17:34|
|      2|      1|     9458|   90|2018-08-22 17:34:18|
|      2|      1|     8556|   87|2018-08-14 18:55:32|
|      2|      2|     2118|   13|2018-08-28 19:36:41|
|      2|      1|     6213|   70|2018-08-12 14:11:45|
|      2|      3|     7588|   55|2018-08-25 23:51:35|
|      2|      3|     8050|   75|2018-08-10 19:44:52|
|      2|      1|     5763|   50|2018-08-28 20:51:15|
|      2|      1|     5551|   10|2018-08-18 10:13:48|
|      2|      1|     7600|   97|2018-08-10 21:41:53|
|      2|      3|     9036|   23|2018-08-27 20:31:34|
|      2|      2|     7660|   85|2018-08-11 22:23:34|
|      2|      2|     2525|   25|2018-08-25 19:41:14|
|      2|      2|     3360|   71|2018-08-10 14:22:49|
|      2|      3|     7866|   56|2018-08-14 22:26:12|
|      2|      1|     7168|   26|2018-08-30 13:29:35|
|      2|      1|     3163|   23|2018-08-27 23:14:55|
|      2|      2|     1352|   93|2018-08-19 18:17:14|
|      2|      1|     6604|   28|2018-08-29 22:26:12|
|      2|      1|     8547|   22|2018-08-31 22:20:46|
|      2|      3|     6762|   96|2018-08-21 20:23:56|
|      2|      1|     1401|   15|2018-08-19 12:57:55|
|      2|      3|     4046|   25|2018-08-18 15:33:40|
|      2|      1|     5130|   66|2018-08-31 23:36:14|
|      2|      1|     3362|   90|2018-08-18 19:34:17|
|      2|      1|     2283|   18|2018-08-27 16:37:49|
|      2|      3|     8433|   63|2018-08-20 18:39:50|
|      2|      3|     3837|   97|2018-08-19 18:22:11|
|      2|      3|     1370|   70|2018-08-24 14:51:55|
|      2|      3|     9314|   25|2018-08-27 20:42:35|
|      2|      3|     6618|   41|2018-08-28 17:37:43|
|      2|      1|     5264|    5|2018-08-16 18:25:16|
|      2|      1|     7030|   85|2018-08-29 21:52:10|
|      2|      1|     2867|   18|2018-08-27 14:12:42|
|      2|      1|     7410|   17|2018-08-30 20:14:33|
|      2|      3|     6746|   89|2018-08-29 19:45:13|
|      2|      2|     3122|   59|2018-08-21 15:45:35|
|      2|      3|     4551|   53|2018-08-15 15:26:45|
|      2|      3|     3640|   30|2018-08-20 16:10:16|
|      2|      3|     4687|   66|2018-08-30 20:21:29|
|      2|      3|     1334|   93|2018-08-14 13:51:55|
|      2|      3|     5487|   64|2018-08-12 11:41:14|
|      2|      1|     6482|   17|2018-08-15 15:55:38|
|      2|      2|     1241|   48|2018-08-28 16:38:58|
|      2|      1|     9104|   74|2018-08-24 16:16:47|
|      2|      1|     8661|   69|2018-08-30 13:57:56|
|      2|      2|     5603|   84|2018-08-22 13:34:54|
|      2|      1|     1471|   59|2018-08-30 23:31:44|
|      2|      1|     1422|   80|2018-08-27 19:57:34|
|      2|      3|     6101|   85|2018-08-24 22:45:15|
|      2|      1|     6306|   91|2018-08-21 23:49:21|
|      2|      1|     7226|   23|2018-08-16 16:58:56|
|      2|      2|     8773|   81|2018-08-17 17:27:48|
|      2|      1|     3573|   14|2018-08-22 21:43:36|
|      2|      1|     6433|   78|2018-08-29 16:38:16|
|      2|      2|     5670|   16|2018-08-29 15:48:27|
|      2|      3|     5720|   10|2018-08-20 18:34:11|
|      2|      2|     9787|   53|2018-08-12 13:23:59|
|      2|      2|     5201|    0|2018-08-19 23:53:52|
|      2|      3|     9368|   19|2018-08-25 13:11:56|
|      2|      2|     7868|   79|2018-08-24 11:35:12|
|      2|      2|     9387|   19|2018-08-23 17:35:17|

|gradeID|classID|studentID|score|          timestamp|ranking|
|      2|      3|     4687|   66|2018-08-30 20:21:29|      1|
|      2|      3|     6746|   89|2018-08-29 19:45:13|      2|
|      2|      2|     5670|   16|2018-08-29 15:48:27|      1|
|      2|      2|     2118|   13|2018-08-28 19:36:41|      2|
|      2|      1|     5130|   66|2018-08-31 23:36:14|      1|
|      2|      1|     8547|   22|2018-08-31 22:20:46|      2|

