-------------------------------------------
Batch: 0
-------------------------------------------
+-------+-------+---------+-----+---------+
|gradeID|classID|studentID|score|timestamp|
+-------+-------+---------+-----+---------+
+-------+-------+---------+-----+---------+

-------------------------------------------
Batch: 1
-------------------------------------------
+-------+-------+---------+-----+-------------------+
|gradeID|classID|studentID|score|          timestamp|
+-------+-------+---------+-----+-------------------+
|      2|      3|     5678|   35|2018-08-28 12:33:33|
|      2|      3|     8770|   29|2018-08-18 15:53:35|
|      2|      3|     9501|   68|2018-08-15 22:26:51|
|      2|      2|     5276|   89|2018-08-19 18:15:40|
|      2|      2|     3331|   82|2018-08-17 18:53:50|
|      2|      2|     5044|   39|2018-08-15 22:55:35|
|      2|      1|     8207|   80|2018-08-29 14:24:35|
|      2|      1|     6482|   77|2018-08-28 12:35:53|
|      2|      1|     1315|   99|2018-08-27 00:55:37|
+-------+-------+---------+-----+-------------------+

-------------------------------------------
Batch: 2
-------------------------------------------
+-------+-------+---------+-----+-------------------+
|gradeID|classID|studentID|score|          timestamp|
+-------+-------+---------+-----+-------------------+
|      2|      3|     7264|   49|2018-08-30 14:39:37|
|      2|      3|     8421|   83|2018-08-29 23:20:15|
|      2|      3|     2006|   77|2018-08-29 16:18:47|
|      2|      2|     6284|   17|2018-08-31 12:18:48|
|      2|      2|     6433|   18|2018-08-30 18:57:14|
|      2|      2|     7716|    2|2018-08-28 15:54:19|
|      2|      1|     5151|   58|2018-08-31 20:57:56|
|      2|      1|     2153|   10|2018-08-30 14:19:23|
|      2|      1|     6568|   82|2018-08-30 12:51:42|
+-------+-------+---------+-----+-------------------+

-------------------------------------------
Batch: 3
-------------------------------------------
+-------+-------+---------+-----+-------------------+
|gradeID|classID|studentID|score|          timestamp|
+-------+-------+---------+-----+-------------------+
|      2|      3|     1164|   61|2018-08-31 17:39:18|
|      2|      3|     9823|   26|2018-08-30 13:18:31|
|      2|      3|     7416|    1|2018-08-30 13:18:20|
|      2|      2|     3560|   47|2018-08-29 21:33:52|
|      2|      2|     9267|   49|2018-08-28 21:54:17|
|      2|      2|     8365|   76|2018-08-28 15:20:36|
|      2|      1|     3551|   64|2018-08-30 22:16:30|
|      2|      1|     6378|   92|2018-08-29 15:45:36|
|      2|      1|     3054|   21|2018-08-29 12:46:50|
+-------+-------+---------+-----+-------------------+

-------------------------------------------
Batch: 4
-------------------------------------------
+-------+-------+---------+-----+-------------------+
|gradeID|classID|studentID|score|          timestamp|
+-------+-------+---------+-----+-------------------+
|      2|      3|     2334|   50|2018-08-31 20:58:46|
|      2|      3|     4684|   97|2018-08-30 16:35:35|
|      2|      3|     2571|   47|2018-08-28 12:39:18|
|      2|      2|     9611|   61|2018-08-31 18:18:26|
|      2|      2|     2581|   57|2018-08-30 15:53:26|
|      2|      2|     3056|   37|2018-08-30 12:44:54|
|      2|      1|     6160|   22|2018-08-30 16:21:13|
|      2|      1|     3850|   33|2018-08-29 20:14:31|
|      2|      1|     7750|   22|2018-08-28 20:45:25|
+-------+-------+---------+-----+-------------------+

-------------------------------------------
Batch: 5
-------------------------------------------
+-------+-------+---------+-----+-------------------+
|gradeID|classID|studentID|score|          timestamp|
+-------+-------+---------+-----+-------------------+
|      2|      3|     2845|   10|2018-08-31 18:57:25|
|      2|      3|     1133|   21|2018-08-31 18:52:25|
|      2|      3|     7406|   72|2018-08-31 16:56:49|
|      2|      2|     3670|   31|2018-08-31 19:58:59|
|      2|      2|     6725|   20|2018-08-30 16:24:16|
|      2|      2|     9418|   19|2018-08-30 15:42:39|
|      2|      1|     9030|   27|2018-08-31 20:36:28|
|      2|      1|     2821|   95|2018-08-30 21:22:37|
|      2|      1|     1827|   90|2018-08-30 21:20:28|
+-------+-------+---------+-----+-------------------+

-------------------------------------------
Batch: 6
-------------------------------------------
+-------+-------+---------+-----+-------------------+
|gradeID|classID|studentID|score|          timestamp|
+-------+-------+---------+-----+-------------------+
|      2|      3|     4560|   87|2018-08-30 22:51:11|
|      2|      3|     2532|   13|2018-08-30 16:48:18|
|      2|      3|     2014|   72|2018-08-30 16:37:42|
|      2|      2|     7878|   81|2018-08-30 19:49:41|
|      2|      2|     9050|   20|2018-08-30 17:29:31|
|      2|      2|     3643|   45|2018-08-30 00:29:52|
|      2|      1|     9662|   24|2018-08-31 22:22:35|
|      2|      1|     4748|   93|2018-08-30 13:31:43|
|      2|      1|     4532|   68|2018-08-29 16:58:53|
+-------+-------+---------+-----+-------------------+

-------------------------------------------
Batch: 7
-------------------------------------------
+-------+-------+---------+-----+-------------------+
|gradeID|classID|studentID|score|          timestamp|
+-------+-------+---------+-----+-------------------+
|      2|      3|     8636|   18|2018-08-31 23:14:44|
|      2|      3|     1362|   47|2018-08-31 21:54:28|
|      2|      3|     2463|   21|2018-08-31 21:48:53|
|      2|      2|     7880|   51|2018-08-31 19:14:27|
|      2|      2|     9250|   53|2018-08-30 23:36:11|
|      2|      2|     5610|   87|2018-08-30 15:46:33|
|      2|      1|     5672|    0|2018-09-01 00:39:57|
|      2|      1|     1848|   88|2018-08-31 10:33:40|
|      2|      1|     1677|   69|2018-08-30 22:48:41|
+-------+-------+---------+-----+-------------------+